[0.034s] Invoking command in '/home/farquham/Desktop/GC_ros2_ws/Haptic-RW-UAS-Ground-Controller/build/commsmsgs': CMAKE_PREFIX_PATH=/opt/ros/humble /usr/bin/cmake --build /home/farquham/Desktop/GC_ros2_ws/Haptic-RW-UAS-Ground-Controller/build/commsmsgs -- -j16 -l16
[0.047s] -- Found ament_cmake: 1.3.7 (/opt/ros/humble/share/ament_cmake/cmake)
[0.131s] -- Found geometry_msgs: 4.2.3 (/opt/ros/humble/share/geometry_msgs/cmake)
[0.146s] -- Found rosidl_generator_c: 3.1.5 (/opt/ros/humble/share/rosidl_generator_c/cmake)
[0.147s] -- Found rosidl_adapter: 3.1.5 (/opt/ros/humble/share/rosidl_adapter/cmake)
[0.150s] -- Found rosidl_generator_cpp: 3.1.5 (/opt/ros/humble/share/rosidl_generator_cpp/cmake)
[0.156s] -- Using all available rosidl_typesupport_c: rosidl_typesupport_fastrtps_c;rosidl_typesupport_introspection_c
[0.164s] -- Using all available rosidl_typesupport_cpp: rosidl_typesupport_fastrtps_cpp;rosidl_typesupport_introspection_cpp
[0.226s] -- Found rosidl_default_generators: 1.2.0 (/opt/ros/humble/share/rosidl_default_generators/cmake)
[0.384s] -- Found ament_cmake_ros: 0.10.0 (/opt/ros/humble/share/ament_cmake_ros/cmake)
[0.609s] -- Using all available rosidl_typesupport_c: rosidl_typesupport_fastrtps_c;rosidl_typesupport_introspection_c
[0.698s] -- Using all available rosidl_typesupport_cpp: rosidl_typesupport_fastrtps_cpp;rosidl_typesupport_introspection_cpp
[0.711s] -- Found python_cmake_module: 0.10.0 (/opt/ros/humble/share/python_cmake_module/cmake)
[0.724s] -- Using PYTHON_EXECUTABLE: /usr/bin/python3
[0.724s] -- Using PYTHON_INCLUDE_DIRS: /usr/include/python3.10
[0.724s] -- Using PYTHON_LIBRARIES: /usr/lib/x86_64-linux-gnu/libpython3.10.so
[0.743s] -- Found ament_lint_auto: 0.12.10 (/opt/ros/humble/share/ament_lint_auto/cmake)
[0.748s] -- Added test 'lint_cmake' to check CMake code style
[0.749s] -- Added test 'xmllint' to check XML markup files
[0.750s] -- Configuring done
[0.767s] -- Generating done
[0.769s] -- Build files have been written to: /home/farquham/Desktop/GC_ros2_ws/Haptic-RW-UAS-Ground-Controller/build/commsmsgs
[0.784s] [  2%] [34m[1mGenerating C code for ROS interfaces[0m
[0.790s] [  5%] [34m[1mGenerating C++ code for ROS interfaces[0m
[0.795s] [  5%] Built target ament_cmake_python_copy_commsmsgs
[0.917s] running egg_info
[0.926s] writing commsmsgs.egg-info/PKG-INFO
[0.926s] writing dependency_links to commsmsgs.egg-info/dependency_links.txt
[0.926s] writing top-level names to commsmsgs.egg-info/top_level.txt
[0.968s] reading manifest file 'commsmsgs.egg-info/SOURCES.txt'
[0.968s] writing manifest file 'commsmsgs.egg-info/SOURCES.txt'
[0.972s] [  5%] Built target commsmsgs__cpp
[0.981s] [  7%] [34m[1mGenerating C++ type support dispatch for ROS interfaces[0m
[0.982s] [ 10%] [34m[1mGenerating C++ type support for eProsima Fast-RTPS[0m
[0.982s] [ 12%] [34m[1mGenerating C++ introspection for ROS interfaces[0m
[0.987s] [35m[1mConsolidate compiler generated dependencies of target commsmsgs__rosidl_generator_c[0m
[0.994s] [ 12%] Built target ament_cmake_python_build_commsmsgs_egg
[0.997s] [ 15%] [32mBuilding C object CMakeFiles/commsmsgs__rosidl_generator_c.dir/rosidl_generator_c/commsmsgs/msg/detail/num__functions.c.o[0m
[0.998s] [ 17%] [32mBuilding C object CMakeFiles/commsmsgs__rosidl_generator_c.dir/rosidl_generator_c/commsmsgs/msg/detail/sphere__functions.c.o[0m
[1.043s] [ 20%] [32m[1mLinking C shared library libcommsmsgs__rosidl_generator_c.so[0m
[1.071s] [ 20%] Built target commsmsgs__rosidl_generator_c
[1.079s] [ 23%] [34m[1mGenerating C type support for eProsima Fast-RTPS[0m
[1.079s] [ 25%] [34m[1mGenerating C introspection for ROS interfaces[0m
[1.079s] [ 28%] [34m[1mGenerating C type support dispatch for ROS interfaces[0m
[1.153s] [35m[1mConsolidate compiler generated dependencies of target commsmsgs__rosidl_typesupport_cpp[0m
[1.162s] [ 30%] [32mBuilding CXX object CMakeFiles/commsmsgs__rosidl_typesupport_cpp.dir/rosidl_typesupport_cpp/commsmsgs/msg/num__type_support.cpp.o[0m
[1.165s] [ 33%] [32mBuilding CXX object CMakeFiles/commsmsgs__rosidl_typesupport_cpp.dir/rosidl_typesupport_cpp/commsmsgs/msg/sphere__type_support.cpp.o[0m
[1.170s] [35m[1mConsolidate compiler generated dependencies of target commsmsgs__rosidl_typesupport_introspection_cpp[0m
[1.180s] [ 35%] [32mBuilding CXX object CMakeFiles/commsmsgs__rosidl_typesupport_introspection_cpp.dir/rosidl_typesupport_introspection_cpp/commsmsgs/msg/detail/num__type_support.cpp.o[0m
[1.181s] [ 38%] [32mBuilding CXX object CMakeFiles/commsmsgs__rosidl_typesupport_introspection_cpp.dir/rosidl_typesupport_introspection_cpp/commsmsgs/msg/detail/sphere__type_support.cpp.o[0m
[1.184s] [35m[1mConsolidate compiler generated dependencies of target commsmsgs__rosidl_typesupport_fastrtps_cpp[0m
[1.198s] [ 43%] [32mBuilding CXX object CMakeFiles/commsmsgs__rosidl_typesupport_fastrtps_cpp.dir/rosidl_typesupport_fastrtps_cpp/commsmsgs/msg/detail/dds_fastrtps/sphere__type_support.cpp.o[0m
[1.199s] [ 43%] [32mBuilding CXX object CMakeFiles/commsmsgs__rosidl_typesupport_fastrtps_cpp.dir/rosidl_typesupport_fastrtps_cpp/commsmsgs/msg/detail/dds_fastrtps/num__type_support.cpp.o[0m
[1.275s] [ 46%] [32mBuilding CXX object CMakeFiles/commsmsgs__rosidl_typesupport_c.dir/rosidl_typesupport_c/commsmsgs/msg/num__type_support.cpp.o[0m
[1.278s] [ 48%] [32mBuilding CXX object CMakeFiles/commsmsgs__rosidl_typesupport_c.dir/rosidl_typesupport_c/commsmsgs/msg/sphere__type_support.cpp.o[0m
[1.306s] [ 51%] [32mBuilding CXX object CMakeFiles/commsmsgs__rosidl_typesupport_fastrtps_c.dir/rosidl_typesupport_fastrtps_c/commsmsgs/msg/detail/num__type_support_c.cpp.o[0m
[1.308s] [ 53%] [32mBuilding CXX object CMakeFiles/commsmsgs__rosidl_typesupport_fastrtps_c.dir/rosidl_typesupport_fastrtps_c/commsmsgs/msg/detail/sphere__type_support_c.cpp.o[0m
[1.309s] [ 56%] [32m[1mLinking CXX shared library libcommsmsgs__rosidl_typesupport_c.so[0m
[1.358s] [ 61%] [32mBuilding C object CMakeFiles/commsmsgs__rosidl_typesupport_introspection_c.dir/rosidl_typesupport_introspection_c/commsmsgs/msg/detail/num__type_support.c.o[0m
[1.358s] [ 61%] [32mBuilding C object CMakeFiles/commsmsgs__rosidl_typesupport_introspection_c.dir/rosidl_typesupport_introspection_c/commsmsgs/msg/detail/sphere__type_support.c.o[0m
[1.359s] [ 61%] Built target commsmsgs__rosidl_typesupport_c
[1.375s] [ 64%] [32m[1mLinking CXX shared library libcommsmsgs__rosidl_typesupport_cpp.so[0m
[1.392s] [ 66%] [32m[1mLinking C shared library libcommsmsgs__rosidl_typesupport_introspection_c.so[0m
[1.418s] [ 66%] Built target commsmsgs__rosidl_typesupport_cpp
[1.421s] [ 66%] Built target commsmsgs__rosidl_typesupport_introspection_c
[1.477s] [ 69%] [32m[1mLinking CXX shared library libcommsmsgs__rosidl_typesupport_introspection_cpp.so[0m
[1.525s] [ 69%] Built target commsmsgs__rosidl_typesupport_introspection_cpp
[1.566s] [ 71%] [32m[1mLinking CXX shared library libcommsmsgs__rosidl_typesupport_fastrtps_cpp.so[0m
[1.568s] [ 74%] [32m[1mLinking CXX shared library libcommsmsgs__rosidl_typesupport_fastrtps_c.so[0m
[1.613s] [ 74%] Built target commsmsgs__rosidl_typesupport_fastrtps_cpp
[1.613s] [ 74%] Built target commsmsgs__rosidl_typesupport_fastrtps_c
[1.624s] [ 74%] Built target commsmsgs
[1.635s] [ 76%] [34m[1mGenerating Python code for ROS interfaces[0m
[1.822s] [ 76%] Built target commsmsgs__py
[1.834s] [ 79%] [32mBuilding C object CMakeFiles/commsmsgs__rosidl_generator_py.dir/rosidl_generator_py/commsmsgs/msg/_num_s.c.o[0m
[1.834s] [ 82%] [32mBuilding C object CMakeFiles/commsmsgs__rosidl_generator_py.dir/rosidl_generator_py/commsmsgs/msg/_sphere_s.c.o[0m
[1.892s] [ 84%] [32m[1mLinking C shared library rosidl_generator_py/commsmsgs/libcommsmsgs__rosidl_generator_py.so[0m
[1.916s] [ 84%] Built target commsmsgs__rosidl_generator_py
[1.928s] [ 87%] [32mBuilding C object CMakeFiles/commsmsgs__rosidl_typesupport_fastrtps_c__pyext.dir/rosidl_generator_py/commsmsgs/_commsmsgs_s.ep.rosidl_typesupport_fastrtps_c.c.o[0m
[1.928s] [ 89%] [32mBuilding C object CMakeFiles/commsmsgs__rosidl_typesupport_introspection_c__pyext.dir/rosidl_generator_py/commsmsgs/_commsmsgs_s.ep.rosidl_typesupport_introspection_c.c.o[0m
[1.928s] [ 92%] [32mBuilding C object CMakeFiles/commsmsgs__rosidl_typesupport_c__pyext.dir/rosidl_generator_py/commsmsgs/_commsmsgs_s.ep.rosidl_typesupport_c.c.o[0m
[1.990s] [100%] [32m[1mLinking C shared library rosidl_generator_py/commsmsgs/commsmsgs_s__rosidl_typesupport_c.cpython-310-x86_64-linux-gnu.so[0m
[1.990s] [100%] [32m[1mLinking C shared library rosidl_generator_py/commsmsgs/commsmsgs_s__rosidl_typesupport_introspection_c.cpython-310-x86_64-linux-gnu.so[0m
[1.990s] [100%] [32m[1mLinking C shared library rosidl_generator_py/commsmsgs/commsmsgs_s__rosidl_typesupport_fastrtps_c.cpython-310-x86_64-linux-gnu.so[0m
[2.015s] [100%] Built target commsmsgs__rosidl_typesupport_fastrtps_c__pyext
[2.015s] [100%] Built target commsmsgs__rosidl_typesupport_introspection_c__pyext
[2.015s] [100%] Built target commsmsgs__rosidl_typesupport_c__pyext
[2.021s] Invoked command in '/home/farquham/Desktop/GC_ros2_ws/Haptic-RW-UAS-Ground-Controller/build/commsmsgs' returned '0': CMAKE_PREFIX_PATH=/opt/ros/humble /usr/bin/cmake --build /home/farquham/Desktop/GC_ros2_ws/Haptic-RW-UAS-Ground-Controller/build/commsmsgs -- -j16 -l16
[2.073s] Invoking command in '/home/farquham/Desktop/GC_ros2_ws/Haptic-RW-UAS-Ground-Controller/build/commsmsgs': CMAKE_PREFIX_PATH=/opt/ros/humble /usr/bin/cmake --install /home/farquham/Desktop/GC_ros2_ws/Haptic-RW-UAS-Ground-Controller/build/commsmsgs
[2.077s] -- Install configuration: ""
[2.077s] -- Installing: /home/farquham/Desktop/GC_ros2_ws/Haptic-RW-UAS-Ground-Controller/install/commsmsgs/share/ament_index/resource_index/rosidl_interfaces/commsmsgs
[2.077s] -- Installing: /home/farquham/Desktop/GC_ros2_ws/Haptic-RW-UAS-Ground-Controller/install/commsmsgs/include/commsmsgs/commsmsgs
[2.077s] -- Installing: /home/farquham/Desktop/GC_ros2_ws/Haptic-RW-UAS-Ground-Controller/install/commsmsgs/include/commsmsgs/commsmsgs/msg
[2.077s] -- Installing: /home/farquham/Desktop/GC_ros2_ws/Haptic-RW-UAS-Ground-Controller/install/commsmsgs/include/commsmsgs/commsmsgs/msg/sphere.h
[2.077s] -- Installing: /home/farquham/Desktop/GC_ros2_ws/Haptic-RW-UAS-Ground-Controller/install/commsmsgs/include/commsmsgs/commsmsgs/msg/detail
[2.077s] -- Installing: /home/farquham/Desktop/GC_ros2_ws/Haptic-RW-UAS-Ground-Controller/install/commsmsgs/include/commsmsgs/commsmsgs/msg/detail/sphere__type_support.h
[2.078s] -- Installing: /home/farquham/Desktop/GC_ros2_ws/Haptic-RW-UAS-Ground-Controller/install/commsmsgs/include/commsmsgs/commsmsgs/msg/detail/num__functions.c
[2.078s] -- Installing: /home/farquham/Desktop/GC_ros2_ws/Haptic-RW-UAS-Ground-Controller/install/commsmsgs/include/commsmsgs/commsmsgs/msg/detail/sphere__functions.c
[2.078s] -- Installing: /home/farquham/Desktop/GC_ros2_ws/Haptic-RW-UAS-Ground-Controller/install/commsmsgs/include/commsmsgs/commsmsgs/msg/detail/sphere__struct.h
[2.078s] -- Installing: /home/farquham/Desktop/GC_ros2_ws/Haptic-RW-UAS-Ground-Controller/install/commsmsgs/include/commsmsgs/commsmsgs/msg/detail/num__functions.h
[2.078s] -- Installing: /home/farquham/Desktop/GC_ros2_ws/Haptic-RW-UAS-Ground-Controller/install/commsmsgs/include/commsmsgs/commsmsgs/msg/detail/num__type_support.h
[2.078s] -- Installing: /home/farquham/Desktop/GC_ros2_ws/Haptic-RW-UAS-Ground-Controller/install/commsmsgs/include/commsmsgs/commsmsgs/msg/detail/sphere__functions.h
[2.078s] -- Installing: /home/farquham/Desktop/GC_ros2_ws/Haptic-RW-UAS-Ground-Controller/install/commsmsgs/include/commsmsgs/commsmsgs/msg/detail/num__struct.h
[2.078s] -- Installing: /home/farquham/Desktop/GC_ros2_ws/Haptic-RW-UAS-Ground-Controller/install/commsmsgs/include/commsmsgs/commsmsgs/msg/num.h
[2.078s] -- Installing: /home/farquham/Desktop/GC_ros2_ws/Haptic-RW-UAS-Ground-Controller/install/commsmsgs/include/commsmsgs/commsmsgs/msg/rosidl_generator_c__visibility_control.h
[2.078s] -- Installing: /home/farquham/Desktop/GC_ros2_ws/Haptic-RW-UAS-Ground-Controller/install/commsmsgs/share/commsmsgs/environment/library_path.sh
[2.079s] -- Installing: /home/farquham/Desktop/GC_ros2_ws/Haptic-RW-UAS-Ground-Controller/install/commsmsgs/share/commsmsgs/environment/library_path.dsv
[2.079s] -- Installing: /home/farquham/Desktop/GC_ros2_ws/Haptic-RW-UAS-Ground-Controller/install/commsmsgs/lib/libcommsmsgs__rosidl_generator_c.so
[2.079s] -- Set runtime path of "/home/farquham/Desktop/GC_ros2_ws/Haptic-RW-UAS-Ground-Controller/install/commsmsgs/lib/libcommsmsgs__rosidl_generator_c.so" to ""
[2.079s] -- Up-to-date: /home/farquham/Desktop/GC_ros2_ws/Haptic-RW-UAS-Ground-Controller/install/commsmsgs/include/commsmsgs/commsmsgs
[2.079s] -- Up-to-date: /home/farquham/Desktop/GC_ros2_ws/Haptic-RW-UAS-Ground-Controller/install/commsmsgs/include/commsmsgs/commsmsgs/msg
[2.079s] -- Up-to-date: /home/farquham/Desktop/GC_ros2_ws/Haptic-RW-UAS-Ground-Controller/install/commsmsgs/include/commsmsgs/commsmsgs/msg/detail
[2.079s] -- Installing: /home/farquham/Desktop/GC_ros2_ws/Haptic-RW-UAS-Ground-Controller/install/commsmsgs/include/commsmsgs/commsmsgs/msg/detail/sphere__rosidl_typesupport_fastrtps_c.h
[2.079s] -- Installing: /home/farquham/Desktop/GC_ros2_ws/Haptic-RW-UAS-Ground-Controller/install/commsmsgs/include/commsmsgs/commsmsgs/msg/detail/num__rosidl_typesupport_fastrtps_c.h
[2.079s] -- Installing: /home/farquham/Desktop/GC_ros2_ws/Haptic-RW-UAS-Ground-Controller/install/commsmsgs/include/commsmsgs/commsmsgs/msg/rosidl_typesupport_fastrtps_c__visibility_control.h
[2.079s] -- Installing: /home/farquham/Desktop/GC_ros2_ws/Haptic-RW-UAS-Ground-Controller/install/commsmsgs/lib/libcommsmsgs__rosidl_typesupport_fastrtps_c.so
[2.079s] -- Set runtime path of "/home/farquham/Desktop/GC_ros2_ws/Haptic-RW-UAS-Ground-Controller/install/commsmsgs/lib/libcommsmsgs__rosidl_typesupport_fastrtps_c.so" to ""
[2.079s] -- Up-to-date: /home/farquham/Desktop/GC_ros2_ws/Haptic-RW-UAS-Ground-Controller/install/commsmsgs/include/commsmsgs/commsmsgs
[2.079s] -- Up-to-date: /home/farquham/Desktop/GC_ros2_ws/Haptic-RW-UAS-Ground-Controller/install/commsmsgs/include/commsmsgs/commsmsgs/msg
[2.079s] -- Up-to-date: /home/farquham/Desktop/GC_ros2_ws/Haptic-RW-UAS-Ground-Controller/install/commsmsgs/include/commsmsgs/commsmsgs/msg/detail
[2.079s] -- Installing: /home/farquham/Desktop/GC_ros2_ws/Haptic-RW-UAS-Ground-Controller/install/commsmsgs/include/commsmsgs/commsmsgs/msg/detail/num__builder.hpp
[2.079s] -- Installing: /home/farquham/Desktop/GC_ros2_ws/Haptic-RW-UAS-Ground-Controller/install/commsmsgs/include/commsmsgs/commsmsgs/msg/detail/num__struct.hpp
[2.079s] -- Installing: /home/farquham/Desktop/GC_ros2_ws/Haptic-RW-UAS-Ground-Controller/install/commsmsgs/include/commsmsgs/commsmsgs/msg/detail/sphere__builder.hpp
[2.079s] -- Installing: /home/farquham/Desktop/GC_ros2_ws/Haptic-RW-UAS-Ground-Controller/install/commsmsgs/include/commsmsgs/commsmsgs/msg/detail/sphere__traits.hpp
[2.079s] -- Installing: /home/farquham/Desktop/GC_ros2_ws/Haptic-RW-UAS-Ground-Controller/install/commsmsgs/include/commsmsgs/commsmsgs/msg/detail/num__traits.hpp
[2.079s] -- Installing: /home/farquham/Desktop/GC_ros2_ws/Haptic-RW-UAS-Ground-Controller/install/commsmsgs/include/commsmsgs/commsmsgs/msg/detail/sphere__struct.hpp
[2.079s] -- Installing: /home/farquham/Desktop/GC_ros2_ws/Haptic-RW-UAS-Ground-Controller/install/commsmsgs/include/commsmsgs/commsmsgs/msg/num.hpp
[2.079s] -- Installing: /home/farquham/Desktop/GC_ros2_ws/Haptic-RW-UAS-Ground-Controller/install/commsmsgs/include/commsmsgs/commsmsgs/msg/sphere.hpp
[2.079s] -- Up-to-date: /home/farquham/Desktop/GC_ros2_ws/Haptic-RW-UAS-Ground-Controller/install/commsmsgs/include/commsmsgs/commsmsgs
[2.079s] -- Up-to-date: /home/farquham/Desktop/GC_ros2_ws/Haptic-RW-UAS-Ground-Controller/install/commsmsgs/include/commsmsgs/commsmsgs/msg
[2.079s] -- Up-to-date: /home/farquham/Desktop/GC_ros2_ws/Haptic-RW-UAS-Ground-Controller/install/commsmsgs/include/commsmsgs/commsmsgs/msg/detail
[2.079s] -- Installing: /home/farquham/Desktop/GC_ros2_ws/Haptic-RW-UAS-Ground-Controller/install/commsmsgs/include/commsmsgs/commsmsgs/msg/detail/sphere__rosidl_typesupport_fastrtps_cpp.hpp
[2.079s] -- Installing: /home/farquham/Desktop/GC_ros2_ws/Haptic-RW-UAS-Ground-Controller/install/commsmsgs/include/commsmsgs/commsmsgs/msg/detail/num__rosidl_typesupport_fastrtps_cpp.hpp
[2.080s] -- Installing: /home/farquham/Desktop/GC_ros2_ws/Haptic-RW-UAS-Ground-Controller/install/commsmsgs/include/commsmsgs/commsmsgs/msg/detail/dds_fastrtps
[2.080s] -- Installing: /home/farquham/Desktop/GC_ros2_ws/Haptic-RW-UAS-Ground-Controller/install/commsmsgs/include/commsmsgs/commsmsgs/msg/rosidl_typesupport_fastrtps_cpp__visibility_control.h
[2.080s] -- Installing: /home/farquham/Desktop/GC_ros2_ws/Haptic-RW-UAS-Ground-Controller/install/commsmsgs/lib/libcommsmsgs__rosidl_typesupport_fastrtps_cpp.so
[2.080s] -- Set runtime path of "/home/farquham/Desktop/GC_ros2_ws/Haptic-RW-UAS-Ground-Controller/install/commsmsgs/lib/libcommsmsgs__rosidl_typesupport_fastrtps_cpp.so" to ""
[2.080s] -- Up-to-date: /home/farquham/Desktop/GC_ros2_ws/Haptic-RW-UAS-Ground-Controller/install/commsmsgs/include/commsmsgs/commsmsgs
[2.080s] -- Up-to-date: /home/farquham/Desktop/GC_ros2_ws/Haptic-RW-UAS-Ground-Controller/install/commsmsgs/include/commsmsgs/commsmsgs/msg
[2.080s] -- Up-to-date: /home/farquham/Desktop/GC_ros2_ws/Haptic-RW-UAS-Ground-Controller/install/commsmsgs/include/commsmsgs/commsmsgs/msg/detail
[2.080s] -- Installing: /home/farquham/Desktop/GC_ros2_ws/Haptic-RW-UAS-Ground-Controller/install/commsmsgs/include/commsmsgs/commsmsgs/msg/detail/sphere__type_support.c
[2.080s] -- Installing: /home/farquham/Desktop/GC_ros2_ws/Haptic-RW-UAS-Ground-Controller/install/commsmsgs/include/commsmsgs/commsmsgs/msg/detail/num__rosidl_typesupport_introspection_c.h
[2.080s] -- Installing: /home/farquham/Desktop/GC_ros2_ws/Haptic-RW-UAS-Ground-Controller/install/commsmsgs/include/commsmsgs/commsmsgs/msg/detail/num__type_support.c
[2.080s] -- Installing: /home/farquham/Desktop/GC_ros2_ws/Haptic-RW-UAS-Ground-Controller/install/commsmsgs/include/commsmsgs/commsmsgs/msg/detail/sphere__rosidl_typesupport_introspection_c.h
[2.080s] -- Installing: /home/farquham/Desktop/GC_ros2_ws/Haptic-RW-UAS-Ground-Controller/install/commsmsgs/include/commsmsgs/commsmsgs/msg/rosidl_typesupport_introspection_c__visibility_control.h
[2.080s] -- Installing: /home/farquham/Desktop/GC_ros2_ws/Haptic-RW-UAS-Ground-Controller/install/commsmsgs/lib/libcommsmsgs__rosidl_typesupport_introspection_c.so
[2.080s] -- Set runtime path of "/home/farquham/Desktop/GC_ros2_ws/Haptic-RW-UAS-Ground-Controller/install/commsmsgs/lib/libcommsmsgs__rosidl_typesupport_introspection_c.so" to ""
[2.080s] -- Installing: /home/farquham/Desktop/GC_ros2_ws/Haptic-RW-UAS-Ground-Controller/install/commsmsgs/lib/libcommsmsgs__rosidl_typesupport_c.so
[2.080s] -- Set runtime path of "/home/farquham/Desktop/GC_ros2_ws/Haptic-RW-UAS-Ground-Controller/install/commsmsgs/lib/libcommsmsgs__rosidl_typesupport_c.so" to ""
[2.080s] -- Up-to-date: /home/farquham/Desktop/GC_ros2_ws/Haptic-RW-UAS-Ground-Controller/install/commsmsgs/include/commsmsgs/commsmsgs
[2.080s] -- Up-to-date: /home/farquham/Desktop/GC_ros2_ws/Haptic-RW-UAS-Ground-Controller/install/commsmsgs/include/commsmsgs/commsmsgs/msg
[2.080s] -- Up-to-date: /home/farquham/Desktop/GC_ros2_ws/Haptic-RW-UAS-Ground-Controller/install/commsmsgs/include/commsmsgs/commsmsgs/msg/detail
[2.080s] -- Installing: /home/farquham/Desktop/GC_ros2_ws/Haptic-RW-UAS-Ground-Controller/install/commsmsgs/include/commsmsgs/commsmsgs/msg/detail/num__rosidl_typesupport_introspection_cpp.hpp
[2.080s] -- Installing: /home/farquham/Desktop/GC_ros2_ws/Haptic-RW-UAS-Ground-Controller/install/commsmsgs/include/commsmsgs/commsmsgs/msg/detail/num__type_support.cpp
[2.080s] -- Installing: /home/farquham/Desktop/GC_ros2_ws/Haptic-RW-UAS-Ground-Controller/install/commsmsgs/include/commsmsgs/commsmsgs/msg/detail/sphere__rosidl_typesupport_introspection_cpp.hpp
[2.080s] -- Installing: /home/farquham/Desktop/GC_ros2_ws/Haptic-RW-UAS-Ground-Controller/install/commsmsgs/include/commsmsgs/commsmsgs/msg/detail/sphere__type_support.cpp
[2.080s] -- Installing: /home/farquham/Desktop/GC_ros2_ws/Haptic-RW-UAS-Ground-Controller/install/commsmsgs/lib/libcommsmsgs__rosidl_typesupport_introspection_cpp.so
[2.080s] -- Set runtime path of "/home/farquham/Desktop/GC_ros2_ws/Haptic-RW-UAS-Ground-Controller/install/commsmsgs/lib/libcommsmsgs__rosidl_typesupport_introspection_cpp.so" to ""
[2.080s] -- Installing: /home/farquham/Desktop/GC_ros2_ws/Haptic-RW-UAS-Ground-Controller/install/commsmsgs/lib/libcommsmsgs__rosidl_typesupport_cpp.so
[2.080s] -- Set runtime path of "/home/farquham/Desktop/GC_ros2_ws/Haptic-RW-UAS-Ground-Controller/install/commsmsgs/lib/libcommsmsgs__rosidl_typesupport_cpp.so" to ""
[2.080s] -- Installing: /home/farquham/Desktop/GC_ros2_ws/Haptic-RW-UAS-Ground-Controller/install/commsmsgs/share/commsmsgs/environment/pythonpath.sh
[2.081s] -- Installing: /home/farquham/Desktop/GC_ros2_ws/Haptic-RW-UAS-Ground-Controller/install/commsmsgs/share/commsmsgs/environment/pythonpath.dsv
[2.081s] -- Installing: /home/farquham/Desktop/GC_ros2_ws/Haptic-RW-UAS-Ground-Controller/install/commsmsgs/local/lib/python3.10/dist-packages/commsmsgs-0.0.0-py3.10.egg-info
[2.081s] -- Installing: /home/farquham/Desktop/GC_ros2_ws/Haptic-RW-UAS-Ground-Controller/install/commsmsgs/local/lib/python3.10/dist-packages/commsmsgs-0.0.0-py3.10.egg-info/top_level.txt
[2.081s] -- Installing: /home/farquham/Desktop/GC_ros2_ws/Haptic-RW-UAS-Ground-Controller/install/commsmsgs/local/lib/python3.10/dist-packages/commsmsgs-0.0.0-py3.10.egg-info/SOURCES.txt
[2.081s] -- Installing: /home/farquham/Desktop/GC_ros2_ws/Haptic-RW-UAS-Ground-Controller/install/commsmsgs/local/lib/python3.10/dist-packages/commsmsgs-0.0.0-py3.10.egg-info/dependency_links.txt
[2.081s] -- Installing: /home/farquham/Desktop/GC_ros2_ws/Haptic-RW-UAS-Ground-Controller/install/commsmsgs/local/lib/python3.10/dist-packages/commsmsgs-0.0.0-py3.10.egg-info/PKG-INFO
[2.081s] -- Installing: /home/farquham/Desktop/GC_ros2_ws/Haptic-RW-UAS-Ground-Controller/install/commsmsgs/local/lib/python3.10/dist-packages/commsmsgs
[2.081s] -- Installing: /home/farquham/Desktop/GC_ros2_ws/Haptic-RW-UAS-Ground-Controller/install/commsmsgs/local/lib/python3.10/dist-packages/commsmsgs/_commsmsgs_s.ep.rosidl_typesupport_introspection_c.c
[2.081s] -- Installing: /home/farquham/Desktop/GC_ros2_ws/Haptic-RW-UAS-Ground-Controller/install/commsmsgs/local/lib/python3.10/dist-packages/commsmsgs/commsmsgs_s__rosidl_typesupport_introspection_c.cpython-310-x86_64-linux-gnu.so
[2.081s] -- Installing: /home/farquham/Desktop/GC_ros2_ws/Haptic-RW-UAS-Ground-Controller/install/commsmsgs/local/lib/python3.10/dist-packages/commsmsgs/__init__.py
[2.081s] -- Installing: /home/farquham/Desktop/GC_ros2_ws/Haptic-RW-UAS-Ground-Controller/install/commsmsgs/local/lib/python3.10/dist-packages/commsmsgs/libcommsmsgs__rosidl_generator_py.so
[2.081s] -- Installing: /home/farquham/Desktop/GC_ros2_ws/Haptic-RW-UAS-Ground-Controller/install/commsmsgs/local/lib/python3.10/dist-packages/commsmsgs/_commsmsgs_s.ep.rosidl_typesupport_fastrtps_c.c
[2.081s] -- Installing: /home/farquham/Desktop/GC_ros2_ws/Haptic-RW-UAS-Ground-Controller/install/commsmsgs/local/lib/python3.10/dist-packages/commsmsgs/commsmsgs_s__rosidl_typesupport_c.cpython-310-x86_64-linux-gnu.so
[2.081s] -- Installing: /home/farquham/Desktop/GC_ros2_ws/Haptic-RW-UAS-Ground-Controller/install/commsmsgs/local/lib/python3.10/dist-packages/commsmsgs/_commsmsgs_s.ep.rosidl_typesupport_c.c
[2.081s] -- Installing: /home/farquham/Desktop/GC_ros2_ws/Haptic-RW-UAS-Ground-Controller/install/commsmsgs/local/lib/python3.10/dist-packages/commsmsgs/commsmsgs_s__rosidl_typesupport_fastrtps_c.cpython-310-x86_64-linux-gnu.so
[2.081s] -- Installing: /home/farquham/Desktop/GC_ros2_ws/Haptic-RW-UAS-Ground-Controller/install/commsmsgs/local/lib/python3.10/dist-packages/commsmsgs/msg
[2.082s] -- Installing: /home/farquham/Desktop/GC_ros2_ws/Haptic-RW-UAS-Ground-Controller/install/commsmsgs/local/lib/python3.10/dist-packages/commsmsgs/msg/_sphere.py
[2.082s] -- Installing: /home/farquham/Desktop/GC_ros2_ws/Haptic-RW-UAS-Ground-Controller/install/commsmsgs/local/lib/python3.10/dist-packages/commsmsgs/msg/_num.py
[2.082s] -- Installing: /home/farquham/Desktop/GC_ros2_ws/Haptic-RW-UAS-Ground-Controller/install/commsmsgs/local/lib/python3.10/dist-packages/commsmsgs/msg/_sphere_s.c
[2.082s] -- Installing: /home/farquham/Desktop/GC_ros2_ws/Haptic-RW-UAS-Ground-Controller/install/commsmsgs/local/lib/python3.10/dist-packages/commsmsgs/msg/__init__.py
[2.082s] -- Installing: /home/farquham/Desktop/GC_ros2_ws/Haptic-RW-UAS-Ground-Controller/install/commsmsgs/local/lib/python3.10/dist-packages/commsmsgs/msg/_num_s.c
[2.102s] Listing '/home/farquham/Desktop/GC_ros2_ws/Haptic-RW-UAS-Ground-Controller/install/commsmsgs/local/lib/python3.10/dist-packages/commsmsgs'...
[2.102s] Compiling '/home/farquham/Desktop/GC_ros2_ws/Haptic-RW-UAS-Ground-Controller/install/commsmsgs/local/lib/python3.10/dist-packages/commsmsgs/__init__.py'...
[2.102s] Listing '/home/farquham/Desktop/GC_ros2_ws/Haptic-RW-UAS-Ground-Controller/install/commsmsgs/local/lib/python3.10/dist-packages/commsmsgs/msg'...
[2.102s] Compiling '/home/farquham/Desktop/GC_ros2_ws/Haptic-RW-UAS-Ground-Controller/install/commsmsgs/local/lib/python3.10/dist-packages/commsmsgs/msg/__init__.py'...
[2.102s] Compiling '/home/farquham/Desktop/GC_ros2_ws/Haptic-RW-UAS-Ground-Controller/install/commsmsgs/local/lib/python3.10/dist-packages/commsmsgs/msg/_num.py'...
[2.102s] Compiling '/home/farquham/Desktop/GC_ros2_ws/Haptic-RW-UAS-Ground-Controller/install/commsmsgs/local/lib/python3.10/dist-packages/commsmsgs/msg/_sphere.py'...
[2.104s] -- Installing: /home/farquham/Desktop/GC_ros2_ws/Haptic-RW-UAS-Ground-Controller/install/commsmsgs/local/lib/python3.10/dist-packages/commsmsgs/commsmsgs_s__rosidl_typesupport_fastrtps_c.cpython-310-x86_64-linux-gnu.so
[2.104s] -- Set runtime path of "/home/farquham/Desktop/GC_ros2_ws/Haptic-RW-UAS-Ground-Controller/install/commsmsgs/local/lib/python3.10/dist-packages/commsmsgs/commsmsgs_s__rosidl_typesupport_fastrtps_c.cpython-310-x86_64-linux-gnu.so" to ""
[2.104s] -- Installing: /home/farquham/Desktop/GC_ros2_ws/Haptic-RW-UAS-Ground-Controller/install/commsmsgs/local/lib/python3.10/dist-packages/commsmsgs/commsmsgs_s__rosidl_typesupport_introspection_c.cpython-310-x86_64-linux-gnu.so
[2.104s] -- Set runtime path of "/home/farquham/Desktop/GC_ros2_ws/Haptic-RW-UAS-Ground-Controller/install/commsmsgs/local/lib/python3.10/dist-packages/commsmsgs/commsmsgs_s__rosidl_typesupport_introspection_c.cpython-310-x86_64-linux-gnu.so" to ""
[2.104s] -- Installing: /home/farquham/Desktop/GC_ros2_ws/Haptic-RW-UAS-Ground-Controller/install/commsmsgs/local/lib/python3.10/dist-packages/commsmsgs/commsmsgs_s__rosidl_typesupport_c.cpython-310-x86_64-linux-gnu.so
[2.105s] -- Set runtime path of "/home/farquham/Desktop/GC_ros2_ws/Haptic-RW-UAS-Ground-Controller/install/commsmsgs/local/lib/python3.10/dist-packages/commsmsgs/commsmsgs_s__rosidl_typesupport_c.cpython-310-x86_64-linux-gnu.so" to ""
[2.105s] -- Installing: /home/farquham/Desktop/GC_ros2_ws/Haptic-RW-UAS-Ground-Controller/install/commsmsgs/lib/libcommsmsgs__rosidl_generator_py.so
[2.105s] -- Set runtime path of "/home/farquham/Desktop/GC_ros2_ws/Haptic-RW-UAS-Ground-Controller/install/commsmsgs/lib/libcommsmsgs__rosidl_generator_py.so" to ""
[2.105s] -- Installing: /home/farquham/Desktop/GC_ros2_ws/Haptic-RW-UAS-Ground-Controller/install/commsmsgs/share/commsmsgs/msg/Num.idl
[2.105s] -- Installing: /home/farquham/Desktop/GC_ros2_ws/Haptic-RW-UAS-Ground-Controller/install/commsmsgs/share/commsmsgs/msg/Sphere.idl
[2.105s] -- Installing: /home/farquham/Desktop/GC_ros2_ws/Haptic-RW-UAS-Ground-Controller/install/commsmsgs/share/commsmsgs/msg/Num.msg
[2.105s] -- Installing: /home/farquham/Desktop/GC_ros2_ws/Haptic-RW-UAS-Ground-Controller/install/commsmsgs/share/commsmsgs/msg/Sphere.msg
[2.105s] -- Installing: /home/farquham/Desktop/GC_ros2_ws/Haptic-RW-UAS-Ground-Controller/install/commsmsgs/share/ament_index/resource_index/package_run_dependencies/commsmsgs
[2.105s] -- Installing: /home/farquham/Desktop/GC_ros2_ws/Haptic-RW-UAS-Ground-Controller/install/commsmsgs/share/ament_index/resource_index/parent_prefix_path/commsmsgs
[2.105s] -- Installing: /home/farquham/Desktop/GC_ros2_ws/Haptic-RW-UAS-Ground-Controller/install/commsmsgs/share/commsmsgs/environment/ament_prefix_path.sh
[2.106s] -- Installing: /home/farquham/Desktop/GC_ros2_ws/Haptic-RW-UAS-Ground-Controller/install/commsmsgs/share/commsmsgs/environment/ament_prefix_path.dsv
[2.106s] -- Installing: /home/farquham/Desktop/GC_ros2_ws/Haptic-RW-UAS-Ground-Controller/install/commsmsgs/share/commsmsgs/environment/path.sh
[2.106s] -- Installing: /home/farquham/Desktop/GC_ros2_ws/Haptic-RW-UAS-Ground-Controller/install/commsmsgs/share/commsmsgs/environment/path.dsv
[2.106s] -- Installing: /home/farquham/Desktop/GC_ros2_ws/Haptic-RW-UAS-Ground-Controller/install/commsmsgs/share/commsmsgs/local_setup.bash
[2.106s] -- Installing: /home/farquham/Desktop/GC_ros2_ws/Haptic-RW-UAS-Ground-Controller/install/commsmsgs/share/commsmsgs/local_setup.sh
[2.106s] -- Installing: /home/farquham/Desktop/GC_ros2_ws/Haptic-RW-UAS-Ground-Controller/install/commsmsgs/share/commsmsgs/local_setup.zsh
[2.106s] -- Installing: /home/farquham/Desktop/GC_ros2_ws/Haptic-RW-UAS-Ground-Controller/install/commsmsgs/share/commsmsgs/local_setup.dsv
[2.106s] -- Installing: /home/farquham/Desktop/GC_ros2_ws/Haptic-RW-UAS-Ground-Controller/install/commsmsgs/share/commsmsgs/package.dsv
[2.106s] -- Installing: /home/farquham/Desktop/GC_ros2_ws/Haptic-RW-UAS-Ground-Controller/install/commsmsgs/share/ament_index/resource_index/packages/commsmsgs
[2.106s] -- Installing: /home/farquham/Desktop/GC_ros2_ws/Haptic-RW-UAS-Ground-Controller/install/commsmsgs/share/commsmsgs/cmake/export_commsmsgs__rosidl_generator_cExport.cmake
[2.106s] -- Installing: /home/farquham/Desktop/GC_ros2_ws/Haptic-RW-UAS-Ground-Controller/install/commsmsgs/share/commsmsgs/cmake/export_commsmsgs__rosidl_generator_cExport-noconfig.cmake
[2.106s] -- Installing: /home/farquham/Desktop/GC_ros2_ws/Haptic-RW-UAS-Ground-Controller/install/commsmsgs/share/commsmsgs/cmake/export_commsmsgs__rosidl_typesupport_fastrtps_cExport.cmake
[2.106s] -- Installing: /home/farquham/Desktop/GC_ros2_ws/Haptic-RW-UAS-Ground-Controller/install/commsmsgs/share/commsmsgs/cmake/export_commsmsgs__rosidl_typesupport_fastrtps_cExport-noconfig.cmake
[2.106s] -- Installing: /home/farquham/Desktop/GC_ros2_ws/Haptic-RW-UAS-Ground-Controller/install/commsmsgs/share/commsmsgs/cmake/export_commsmsgs__rosidl_generator_cppExport.cmake
[2.106s] -- Installing: /home/farquham/Desktop/GC_ros2_ws/Haptic-RW-UAS-Ground-Controller/install/commsmsgs/share/commsmsgs/cmake/export_commsmsgs__rosidl_typesupport_fastrtps_cppExport.cmake
[2.106s] -- Installing: /home/farquham/Desktop/GC_ros2_ws/Haptic-RW-UAS-Ground-Controller/install/commsmsgs/share/commsmsgs/cmake/export_commsmsgs__rosidl_typesupport_fastrtps_cppExport-noconfig.cmake
[2.106s] -- Installing: /home/farquham/Desktop/GC_ros2_ws/Haptic-RW-UAS-Ground-Controller/install/commsmsgs/share/commsmsgs/cmake/commsmsgs__rosidl_typesupport_introspection_cExport.cmake
[2.106s] -- Installing: /home/farquham/Desktop/GC_ros2_ws/Haptic-RW-UAS-Ground-Controller/install/commsmsgs/share/commsmsgs/cmake/commsmsgs__rosidl_typesupport_introspection_cExport-noconfig.cmake
[2.106s] -- Installing: /home/farquham/Desktop/GC_ros2_ws/Haptic-RW-UAS-Ground-Controller/install/commsmsgs/share/commsmsgs/cmake/commsmsgs__rosidl_typesupport_cExport.cmake
[2.106s] -- Installing: /home/farquham/Desktop/GC_ros2_ws/Haptic-RW-UAS-Ground-Controller/install/commsmsgs/share/commsmsgs/cmake/commsmsgs__rosidl_typesupport_cExport-noconfig.cmake
[2.106s] -- Installing: /home/farquham/Desktop/GC_ros2_ws/Haptic-RW-UAS-Ground-Controller/install/commsmsgs/share/commsmsgs/cmake/commsmsgs__rosidl_typesupport_introspection_cppExport.cmake
[2.106s] -- Installing: /home/farquham/Desktop/GC_ros2_ws/Haptic-RW-UAS-Ground-Controller/install/commsmsgs/share/commsmsgs/cmake/commsmsgs__rosidl_typesupport_introspection_cppExport-noconfig.cmake
[2.106s] -- Installing: /home/farquham/Desktop/GC_ros2_ws/Haptic-RW-UAS-Ground-Controller/install/commsmsgs/share/commsmsgs/cmake/commsmsgs__rosidl_typesupport_cppExport.cmake
[2.107s] -- Installing: /home/farquham/Desktop/GC_ros2_ws/Haptic-RW-UAS-Ground-Controller/install/commsmsgs/share/commsmsgs/cmake/commsmsgs__rosidl_typesupport_cppExport-noconfig.cmake
[2.107s] -- Installing: /home/farquham/Desktop/GC_ros2_ws/Haptic-RW-UAS-Ground-Controller/install/commsmsgs/share/commsmsgs/cmake/export_commsmsgs__rosidl_generator_pyExport.cmake
[2.107s] -- Installing: /home/farquham/Desktop/GC_ros2_ws/Haptic-RW-UAS-Ground-Controller/install/commsmsgs/share/commsmsgs/cmake/export_commsmsgs__rosidl_generator_pyExport-noconfig.cmake
[2.107s] -- Installing: /home/farquham/Desktop/GC_ros2_ws/Haptic-RW-UAS-Ground-Controller/install/commsmsgs/share/commsmsgs/cmake/rosidl_cmake-extras.cmake
[2.107s] -- Installing: /home/farquham/Desktop/GC_ros2_ws/Haptic-RW-UAS-Ground-Controller/install/commsmsgs/share/commsmsgs/cmake/ament_cmake_export_dependencies-extras.cmake
[2.107s] -- Installing: /home/farquham/Desktop/GC_ros2_ws/Haptic-RW-UAS-Ground-Controller/install/commsmsgs/share/commsmsgs/cmake/ament_cmake_export_include_directories-extras.cmake
[2.107s] -- Installing: /home/farquham/Desktop/GC_ros2_ws/Haptic-RW-UAS-Ground-Controller/install/commsmsgs/share/commsmsgs/cmake/ament_cmake_export_libraries-extras.cmake
[2.107s] -- Installing: /home/farquham/Desktop/GC_ros2_ws/Haptic-RW-UAS-Ground-Controller/install/commsmsgs/share/commsmsgs/cmake/ament_cmake_export_targets-extras.cmake
[2.107s] -- Installing: /home/farquham/Desktop/GC_ros2_ws/Haptic-RW-UAS-Ground-Controller/install/commsmsgs/share/commsmsgs/cmake/rosidl_cmake_export_typesupport_targets-extras.cmake
[2.107s] -- Installing: /home/farquham/Desktop/GC_ros2_ws/Haptic-RW-UAS-Ground-Controller/install/commsmsgs/share/commsmsgs/cmake/rosidl_cmake_export_typesupport_libraries-extras.cmake
[2.107s] -- Installing: /home/farquham/Desktop/GC_ros2_ws/Haptic-RW-UAS-Ground-Controller/install/commsmsgs/share/commsmsgs/cmake/commsmsgsConfig.cmake
[2.107s] -- Installing: /home/farquham/Desktop/GC_ros2_ws/Haptic-RW-UAS-Ground-Controller/install/commsmsgs/share/commsmsgs/cmake/commsmsgsConfig-version.cmake
[2.107s] -- Installing: /home/farquham/Desktop/GC_ros2_ws/Haptic-RW-UAS-Ground-Controller/install/commsmsgs/share/commsmsgs/package.xml
[2.109s] Invoked command in '/home/farquham/Desktop/GC_ros2_ws/Haptic-RW-UAS-Ground-Controller/build/commsmsgs' returned '0': CMAKE_PREFIX_PATH=/opt/ros/humble /usr/bin/cmake --install /home/farquham/Desktop/GC_ros2_ws/Haptic-RW-UAS-Ground-Controller/build/commsmsgs
