[0.155s] Invoking command in '/home/farquham/Desktop/GC_ros2_ws/Haptic-RW-UAS-Ground-Controller/build/commsMsgs': CMAKE_PREFIX_PATH=/opt/ros/humble /usr/bin/cmake /home/farquham/Desktop/GC_ros2_ws/Haptic-RW-UAS-Ground-Controller/src/commsMsgs -DCMAKE_INSTALL_PREFIX=/home/farquham/Desktop/GC_ros2_ws/Haptic-RW-UAS-Ground-Controller/install/commsMsgs
[0.220s] -- The C compiler identification is GNU 11.4.0
[0.282s] -- The CXX compiler identification is GNU 11.4.0
[0.290s] -- Detecting C compiler ABI info
[0.356s] -- Detecting C compiler ABI info - done
[0.367s] -- Check for working C compiler: /usr/bin/cc - skipped
[0.368s] -- Detecting C compile features
[0.368s] -- Detecting C compile features - done
[0.370s] -- Detecting CXX compiler ABI info
[0.454s] -- Detecting CXX compiler ABI info - done
[0.461s] -- Check for working CXX compiler: /usr/bin/c++ - skipped
[0.461s] -- Detecting CXX compile features
[0.462s] -- Detecting CXX compile features - done
[0.464s] -- Found ament_cmake: 1.3.7 (/opt/ros/humble/share/ament_cmake/cmake)
[0.785s] -- Found Python3: /usr/bin/python3.10 (found version "3.10.12") found components: Interpreter 
[0.858s] -- Found ament_lint_auto: 0.12.10 (/opt/ros/humble/share/ament_lint_auto/cmake)
[0.908s] WARNING: Package name "commsMsgs" does not follow the naming conventions. It should start with a lower case letter and only contain lower case letters, digits, underscores, and dashes.
[0.926s] -- Added test 'lint_cmake' to check CMake code style
[0.927s] -- Added test 'xmllint' to check XML markup files
[0.927s] -- Configuring done
[0.929s] -- Generating done
[0.930s] -- Build files have been written to: /home/farquham/Desktop/GC_ros2_ws/Haptic-RW-UAS-Ground-Controller/build/commsMsgs
[0.934s] Invoked command in '/home/farquham/Desktop/GC_ros2_ws/Haptic-RW-UAS-Ground-Controller/build/commsMsgs' returned '0': CMAKE_PREFIX_PATH=/opt/ros/humble /usr/bin/cmake /home/farquham/Desktop/GC_ros2_ws/Haptic-RW-UAS-Ground-Controller/src/commsMsgs -DCMAKE_INSTALL_PREFIX=/home/farquham/Desktop/GC_ros2_ws/Haptic-RW-UAS-Ground-Controller/install/commsMsgs
[0.936s] Invoking command in '/home/farquham/Desktop/GC_ros2_ws/Haptic-RW-UAS-Ground-Controller/build/commsMsgs': CMAKE_PREFIX_PATH=/opt/ros/humble /usr/bin/cmake --build /home/farquham/Desktop/GC_ros2_ws/Haptic-RW-UAS-Ground-Controller/build/commsMsgs -- -j16 -l16
[0.968s] Invoked command in '/home/farquham/Desktop/GC_ros2_ws/Haptic-RW-UAS-Ground-Controller/build/commsMsgs' returned '0': CMAKE_PREFIX_PATH=/opt/ros/humble /usr/bin/cmake --build /home/farquham/Desktop/GC_ros2_ws/Haptic-RW-UAS-Ground-Controller/build/commsMsgs -- -j16 -l16
[0.994s] Invoking command in '/home/farquham/Desktop/GC_ros2_ws/Haptic-RW-UAS-Ground-Controller/build/commsMsgs': CMAKE_PREFIX_PATH=/opt/ros/humble /usr/bin/cmake --install /home/farquham/Desktop/GC_ros2_ws/Haptic-RW-UAS-Ground-Controller/build/commsMsgs
[1.001s] -- Install configuration: ""
[1.001s] -- Installing: /home/farquham/Desktop/GC_ros2_ws/Haptic-RW-UAS-Ground-Controller/install/commsMsgs/share/ament_index/resource_index/package_run_dependencies/commsMsgs
[1.004s] -- Installing: /home/farquham/Desktop/GC_ros2_ws/Haptic-RW-UAS-Ground-Controller/install/commsMsgs/share/ament_index/resource_index/parent_prefix_path/commsMsgs
[1.004s] -- Installing: /home/farquham/Desktop/GC_ros2_ws/Haptic-RW-UAS-Ground-Controller/install/commsMsgs/share/commsMsgs/environment/ament_prefix_path.sh
[1.005s] -- Installing: /home/farquham/Desktop/GC_ros2_ws/Haptic-RW-UAS-Ground-Controller/install/commsMsgs/share/commsMsgs/environment/ament_prefix_path.dsv
[1.005s] -- Installing: /home/farquham/Desktop/GC_ros2_ws/Haptic-RW-UAS-Ground-Controller/install/commsMsgs/share/commsMsgs/environment/path.sh
[1.006s] -- Installing: /home/farquham/Desktop/GC_ros2_ws/Haptic-RW-UAS-Ground-Controller/install/commsMsgs/share/commsMsgs/environment/path.dsv
[1.007s] -- Installing: /home/farquham/Desktop/GC_ros2_ws/Haptic-RW-UAS-Ground-Controller/install/commsMsgs/share/commsMsgs/local_setup.bash
[1.007s] -- Installing: /home/farquham/Desktop/GC_ros2_ws/Haptic-RW-UAS-Ground-Controller/install/commsMsgs/share/commsMsgs/local_setup.sh
[1.007s] -- Installing: /home/farquham/Desktop/GC_ros2_ws/Haptic-RW-UAS-Ground-Controller/install/commsMsgs/share/commsMsgs/local_setup.zsh
[1.008s] -- Installing: /home/farquham/Desktop/GC_ros2_ws/Haptic-RW-UAS-Ground-Controller/install/commsMsgs/share/commsMsgs/local_setup.dsv
[1.008s] -- Installing: /home/farquham/Desktop/GC_ros2_ws/Haptic-RW-UAS-Ground-Controller/install/commsMsgs/share/commsMsgs/package.dsv
[1.009s] -- Installing: /home/farquham/Desktop/GC_ros2_ws/Haptic-RW-UAS-Ground-Controller/install/commsMsgs/share/ament_index/resource_index/packages/commsMsgs
[1.009s] -- Installing: /home/farquham/Desktop/GC_ros2_ws/Haptic-RW-UAS-Ground-Controller/install/commsMsgs/share/commsMsgs/cmake/commsMsgsConfig.cmake
[1.010s] -- Installing: /home/farquham/Desktop/GC_ros2_ws/Haptic-RW-UAS-Ground-Controller/install/commsMsgs/share/commsMsgs/cmake/commsMsgsConfig-version.cmake
[1.010s] -- Installing: /home/farquham/Desktop/GC_ros2_ws/Haptic-RW-UAS-Ground-Controller/install/commsMsgs/share/commsMsgs/package.xml
[1.011s] Invoked command in '/home/farquham/Desktop/GC_ros2_ws/Haptic-RW-UAS-Ground-Controller/build/commsMsgs' returned '0': CMAKE_PREFIX_PATH=/opt/ros/humble /usr/bin/cmake --install /home/farquham/Desktop/GC_ros2_ws/Haptic-RW-UAS-Ground-Controller/build/commsMsgs
