[0.041s] Invoking command in '/home/farquham/Desktop/GC_ros2_ws/Haptic-RW-UAS-Ground-Controller/build/b_rim': CMAKE_PREFIX_PATH=/opt/ros/humble /usr/bin/cmake --build /home/farquham/Desktop/GC_ros2_ws/Haptic-RW-UAS-Ground-Controller/build/b_rim -- -j16 -l16
[0.054s] -- Found ament_cmake: 1.3.7 (/opt/ros/humble/share/ament_cmake/cmake)
[0.141s] -- Found rclcpp: 16.0.8 (/opt/ros/humble/share/rclcpp/cmake)
[0.157s] -- Found rosidl_generator_c: 3.1.5 (/opt/ros/humble/share/rosidl_generator_c/cmake)
[0.158s] -- Found rosidl_adapter: 3.1.5 (/opt/ros/humble/share/rosidl_adapter/cmake)
[0.162s] -- Found rosidl_generator_cpp: 3.1.5 (/opt/ros/humble/share/rosidl_generator_cpp/cmake)
[0.167s] -- Using all available rosidl_typesupport_c: rosidl_typesupport_fastrtps_c;rosidl_typesupport_introspection_c
[0.175s] -- Using all available rosidl_typesupport_cpp: rosidl_typesupport_fastrtps_cpp;rosidl_typesupport_introspection_cpp
[0.206s] -- Found rmw_implementation_cmake: 6.1.1 (/opt/ros/humble/share/rmw_implementation_cmake/cmake)
[0.207s] -- Found rmw_fastrtps_cpp: 6.2.6 (/opt/ros/humble/share/rmw_fastrtps_cpp/cmake)
[0.276s] -- Using RMW implementation 'rmw_fastrtps_cpp' as default
[0.369s] -- Configuring incomplete, errors occurred!
[0.369s] See also "/home/farquham/Desktop/GC_ros2_ws/Haptic-RW-UAS-Ground-Controller/build/b_rim/CMakeFiles/CMakeOutput.log".
[0.369s] [31mCMake Error at CMakeLists.txt:14 (find_package):
[0.369s]   By not providing "FindEigen.cmake" in CMAKE_MODULE_PATH this project has
[0.369s]   asked CMake to find a package configuration file provided by "Eigen", but
[0.369s]   CMake did not find one.
[0.369s] 
[0.369s]   Could not find a package configuration file provided by "Eigen" with any of
[0.369s]   the following names:
[0.369s] 
[0.369s]     EigenConfig.cmake
[0.369s]     eigen-config.cmake
[0.369s] 
[0.369s]   Add the installation prefix of "Eigen" to CMAKE_PREFIX_PATH or set
[0.370s]   "Eigen_DIR" to a directory containing one of the above files.  If "Eigen"
[0.370s]   provides a separate development package or SDK, be sure it has been
[0.370s]   installed.
[0.370s] 
[0.370s] [0m
[0.373s] gmake: *** [Makefile:226: cmake_check_build_system] Error 1
[0.375s] Invoked command in '/home/farquham/Desktop/GC_ros2_ws/Haptic-RW-UAS-Ground-Controller/build/b_rim' returned '2': CMAKE_PREFIX_PATH=/opt/ros/humble /usr/bin/cmake --build /home/farquham/Desktop/GC_ros2_ws/Haptic-RW-UAS-Ground-Controller/build/b_rim -- -j16 -l16
