In file included from [01m[K/home/farquham/Desktop/GC_ros2_ws/Haptic-RW-UAS-Ground-Controller/build/commsmsgs/rosidl_generator_c/commsmsgs/msg/detail/sphere__functions.h:19[m[K,
                 from [01m[K/home/farquham/Desktop/GC_ros2_ws/Haptic-RW-UAS-Ground-Controller/build/commsmsgs/rosidl_generator_c/commsmsgs/msg/detail/sphere__functions.c:4[m[K:
[01m[K/home/farquham/Desktop/GC_ros2_ws/Haptic-RW-UAS-Ground-Controller/build/commsmsgs/rosidl_generator_c/commsmsgs/msg/detail/sphere__struct.h:22:10:[m[K [01;31m[Kfatal error: [m[Kgrometry_msgs/msg/detail/point__struct.h: No such file or directory
   22 | #include [01;31m[K"grometry_msgs/msg/detail/point__struct.h"[m[K
      |          [01;31m[K^~~~~~~~~~~~~~~~~~~~~~~~~~~~~~~~~~~~~~~~~~[m[K
compilation terminated.
gmake[2]: *** [CMakeFiles/commsmsgs__rosidl_generator_c.dir/build.make:194: CMakeFiles/commsmsgs__rosidl_generator_c.dir/rosidl_generator_c/commsmsgs/msg/detail/sphere__functions.c.o] Error 1
gmake[2]: *** Waiting for unfinished jobs....
gmake[1]: *** [CMakeFiles/Makefile2:213: CMakeFiles/commsmsgs__rosidl_generator_c.dir/all] Error 2
gmake[1]: *** Waiting for unfinished jobs....
In file included from [01m[K/home/farquham/Desktop/GC_ros2_ws/Haptic-RW-UAS-Ground-Controller/build/commsmsgs/rosidl_typesupport_cpp/commsmsgs/msg/sphere__type_support.cpp:7[m[K:
[01m[K/home/farquham/Desktop/GC_ros2_ws/Haptic-RW-UAS-Ground-Controller/build/commsmsgs/rosidl_generator_cpp/commsmsgs/msg/detail/sphere__struct.hpp:20:10:[m[K [01;31m[Kfatal error: [m[Kgrometry_msgs/msg/detail/point__struct.hpp: No such file or directory
   20 | #include [01;31m[K"grometry_msgs/msg/detail/point__struct.hpp"[m[K
      |          [01;31m[K^~~~~~~~~~~~~~~~~~~~~~~~~~~~~~~~~~~~~~~~~~~~[m[K
compilation terminated.
gmake[2]: *** [CMakeFiles/commsmsgs__rosidl_typesupport_cpp.dir/build.make:163: CMakeFiles/commsmsgs__rosidl_typesupport_cpp.dir/rosidl_typesupport_cpp/commsmsgs/msg/sphere__type_support.cpp.o] Error 1
gmake[2]: *** Waiting for unfinished jobs....
In file included from [01m[K/home/farquham/Desktop/GC_ros2_ws/Haptic-RW-UAS-Ground-Controller/build/commsmsgs/rosidl_typesupport_introspection_cpp/commsmsgs/msg/detail/sphere__type_support.cpp:12[m[K:
[01m[K/home/farquham/Desktop/GC_ros2_ws/Haptic-RW-UAS-Ground-Controller/build/commsmsgs/rosidl_generator_cpp/commsmsgs/msg/detail/sphere__struct.hpp:20:10:[m[K [01;31m[Kfatal error: [m[Kgrometry_msgs/msg/detail/point__struct.hpp: No such file or directory
   20 | #include [01;31m[K"grometry_msgs/msg/detail/point__struct.hpp"[m[K
      |          [01;31m[K^~~~~~~~~~~~~~~~~~~~~~~~~~~~~~~~~~~~~~~~~~~~[m[K
compilation terminated.
gmake[2]: *** [CMakeFiles/commsmsgs__rosidl_typesupport_introspection_cpp.dir/build.make:171: CMakeFiles/commsmsgs__rosidl_typesupport_introspection_cpp.dir/rosidl_typesupport_introspection_cpp/commsmsgs/msg/detail/sphere__type_support.cpp.o] Error 1
gmake[2]: *** Waiting for unfinished jobs....
In file included from [01m[K/home/farquham/Desktop/GC_ros2_ws/Haptic-RW-UAS-Ground-Controller/build/commsmsgs/rosidl_typesupport_fastrtps_cpp/commsmsgs/msg/detail/sphere__rosidl_typesupport_fastrtps_cpp.hpp:11[m[K,
                 from [01m[K/home/farquham/Desktop/GC_ros2_ws/Haptic-RW-UAS-Ground-Controller/build/commsmsgs/rosidl_typesupport_fastrtps_cpp/commsmsgs/msg/detail/dds_fastrtps/sphere__type_support.cpp:4[m[K:
[01m[K/home/farquham/Desktop/GC_ros2_ws/Haptic-RW-UAS-Ground-Controller/build/commsmsgs/rosidl_generator_cpp/commsmsgs/msg/detail/sphere__struct.hpp:20:10:[m[K [01;31m[Kfatal error: [m[Kgrometry_msgs/msg/detail/point__struct.hpp: No such file or directory
   20 | #include [01;31m[K"grometry_msgs/msg/detail/point__struct.hpp"[m[K
      |          [01;31m[K^~~~~~~~~~~~~~~~~~~~~~~~~~~~~~~~~~~~~~~~~~~~[m[K
compilation terminated.
gmake[2]: *** [CMakeFiles/commsmsgs__rosidl_typesupport_fastrtps_cpp.dir/build.make:171: CMakeFiles/commsmsgs__rosidl_typesupport_fastrtps_cpp.dir/rosidl_typesupport_fastrtps_cpp/commsmsgs/msg/detail/dds_fastrtps/sphere__type_support.cpp.o] Error 1
gmake[2]: *** Waiting for unfinished jobs....
gmake[1]: *** [CMakeFiles/Makefile2:395: CMakeFiles/commsmsgs__rosidl_typesupport_cpp.dir/all] Error 2
gmake[1]: *** [CMakeFiles/Makefile2:369: CMakeFiles/commsmsgs__rosidl_typesupport_introspection_cpp.dir/all] Error 2
gmake[1]: *** [CMakeFiles/Makefile2:291: CMakeFiles/commsmsgs__rosidl_typesupport_fastrtps_cpp.dir/all] Error 2
gmake: *** [Makefile:146: all] Error 2
