[0.032s] Invoking command in '/home/farquham/Desktop/GC_ros2_ws/Haptic-RW-UAS-Ground-Controller/build/commsmsgs': CMAKE_PREFIX_PATH=/opt/ros/humble /usr/bin/cmake /home/farquham/Desktop/GC_ros2_ws/Haptic-RW-UAS-Ground-Controller/src/commsmsgs -DCMAKE_INSTALL_PREFIX=/home/farquham/Desktop/GC_ros2_ws/Haptic-RW-UAS-Ground-Controller/install/commsmsgs
[0.068s] -- The C compiler identification is GNU 11.4.0
[0.100s] -- The CXX compiler identification is GNU 11.4.0
[0.104s] -- Detecting C compiler ABI info
[0.148s] -- Detecting C compiler ABI info - done
[0.152s] -- Check for working C compiler: /usr/bin/cc - skipped
[0.152s] -- Detecting C compile features
[0.152s] -- Detecting C compile features - done
[0.154s] -- Detecting CXX compiler ABI info
[0.200s] -- Detecting CXX compiler ABI info - done
[0.205s] -- Check for working CXX compiler: /usr/bin/c++ - skipped
[0.205s] -- Detecting CXX compile features
[0.205s] -- Detecting CXX compile features - done
[0.206s] -- Found ament_cmake: 1.3.7 (/opt/ros/humble/share/ament_cmake/cmake)
[0.405s] -- Found Python3: /usr/bin/python3.10 (found version "3.10.12") found components: Interpreter 
[0.450s] -- Found geometry_msgs: 4.2.3 (/opt/ros/humble/share/geometry_msgs/cmake)
[0.468s] -- Found rosidl_generator_c: 3.1.5 (/opt/ros/humble/share/rosidl_generator_c/cmake)
[0.470s] -- Found rosidl_adapter: 3.1.5 (/opt/ros/humble/share/rosidl_adapter/cmake)
[0.474s] -- Found rosidl_generator_cpp: 3.1.5 (/opt/ros/humble/share/rosidl_generator_cpp/cmake)
[0.481s] -- Using all available rosidl_typesupport_c: rosidl_typesupport_fastrtps_c;rosidl_typesupport_introspection_c
[0.490s] -- Using all available rosidl_typesupport_cpp: rosidl_typesupport_fastrtps_cpp;rosidl_typesupport_introspection_cpp
[0.555s] -- Found rosidl_default_generators: 1.2.0 (/opt/ros/humble/share/rosidl_default_generators/cmake)
[0.718s] -- Found ament_cmake_ros: 0.10.0 (/opt/ros/humble/share/ament_cmake_ros/cmake)
[0.952s] -- Using all available rosidl_typesupport_c: rosidl_typesupport_fastrtps_c;rosidl_typesupport_introspection_c
[1.043s] -- Using all available rosidl_typesupport_cpp: rosidl_typesupport_fastrtps_cpp;rosidl_typesupport_introspection_cpp
[1.057s] -- Found PythonInterp: /usr/bin/python3 (found suitable version "3.10.12", minimum required is "3.6") 
[1.058s] -- Found python_cmake_module: 0.10.0 (/opt/ros/humble/share/python_cmake_module/cmake)
[1.074s] -- Found PythonLibs: /usr/lib/x86_64-linux-gnu/libpython3.10.so (found suitable version "3.10.12", minimum required is "3.5") 
[1.074s] -- Using PYTHON_EXECUTABLE: /usr/bin/python3
[1.074s] -- Using PYTHON_INCLUDE_DIRS: /usr/include/python3.10
[1.074s] -- Using PYTHON_LIBRARIES: /usr/lib/x86_64-linux-gnu/libpython3.10.so
[1.086s] -- Found PythonExtra: .so  
[1.117s] -- Found ament_lint_auto: 0.12.10 (/opt/ros/humble/share/ament_lint_auto/cmake)
[1.127s] -- Added test 'lint_cmake' to check CMake code style
[1.127s] -- Added test 'xmllint' to check XML markup files
[1.129s] -- Configuring done
[1.149s] -- Generating done
[1.151s] -- Build files have been written to: /home/farquham/Desktop/GC_ros2_ws/Haptic-RW-UAS-Ground-Controller/build/commsmsgs
[1.158s] Invoked command in '/home/farquham/Desktop/GC_ros2_ws/Haptic-RW-UAS-Ground-Controller/build/commsmsgs' returned '0': CMAKE_PREFIX_PATH=/opt/ros/humble /usr/bin/cmake /home/farquham/Desktop/GC_ros2_ws/Haptic-RW-UAS-Ground-Controller/src/commsmsgs -DCMAKE_INSTALL_PREFIX=/home/farquham/Desktop/GC_ros2_ws/Haptic-RW-UAS-Ground-Controller/install/commsmsgs
[1.159s] Invoking command in '/home/farquham/Desktop/GC_ros2_ws/Haptic-RW-UAS-Ground-Controller/build/commsmsgs': CMAKE_PREFIX_PATH=/opt/ros/humble /usr/bin/cmake --build /home/farquham/Desktop/GC_ros2_ws/Haptic-RW-UAS-Ground-Controller/build/commsmsgs -- -j16 -l16
[1.181s] [  2%] [34m[1mGenerating C code for ROS interfaces[0m
[1.188s] [  5%] [34m[1mGenerating C++ code for ROS interfaces[0m
[1.193s] [  5%] Built target ament_cmake_python_copy_commsmsgs
[1.311s] running egg_info
[1.312s] creating commsmsgs.egg-info
[1.320s] writing commsmsgs.egg-info/PKG-INFO
[1.320s] writing dependency_links to commsmsgs.egg-info/dependency_links.txt
[1.320s] writing top-level names to commsmsgs.egg-info/top_level.txt
[1.320s] writing manifest file 'commsmsgs.egg-info/SOURCES.txt'
[1.353s] reading manifest file 'commsmsgs.egg-info/SOURCES.txt'
[1.354s] writing manifest file 'commsmsgs.egg-info/SOURCES.txt'
[1.356s] [  5%] Built target commsmsgs__cpp
[1.367s] [ 10%] [34m[1mGenerating C++ type support dispatch for ROS interfaces[0m
[1.367s] [ 10%] [34m[1mGenerating C++ type support for eProsima Fast-RTPS[0m
[1.367s] [ 12%] [34m[1mGenerating C++ introspection for ROS interfaces[0m
[1.379s] [ 12%] Built target ament_cmake_python_build_commsmsgs_egg
[1.380s] [ 15%] [32mBuilding C object CMakeFiles/commsmsgs__rosidl_generator_c.dir/rosidl_generator_c/commsmsgs/msg/detail/sphere__functions.c.o[0m
[1.381s] [ 17%] [32mBuilding C object CMakeFiles/commsmsgs__rosidl_generator_c.dir/rosidl_generator_c/commsmsgs/msg/detail/num__functions.c.o[0m
[1.393s] In file included from [01m[K/home/farquham/Desktop/GC_ros2_ws/Haptic-RW-UAS-Ground-Controller/build/commsmsgs/rosidl_generator_c/commsmsgs/msg/detail/sphere__functions.h:19[m[K,
[1.393s]                  from [01m[K/home/farquham/Desktop/GC_ros2_ws/Haptic-RW-UAS-Ground-Controller/build/commsmsgs/rosidl_generator_c/commsmsgs/msg/detail/sphere__functions.c:4[m[K:
[1.393s] [01m[K/home/farquham/Desktop/GC_ros2_ws/Haptic-RW-UAS-Ground-Controller/build/commsmsgs/rosidl_generator_c/commsmsgs/msg/detail/sphere__struct.h:22:10:[m[K [01;31m[Kfatal error: [m[Kgrometry_msgs/msg/detail/point__struct.h: No such file or directory
[1.393s]    22 | #include [01;31m[K"grometry_msgs/msg/detail/point__struct.h"[m[K
[1.393s]       |          [01;31m[K^~~~~~~~~~~~~~~~~~~~~~~~~~~~~~~~~~~~~~~~~~[m[K
[1.393s] compilation terminated.
[1.394s] gmake[2]: *** [CMakeFiles/commsmsgs__rosidl_generator_c.dir/build.make:194: CMakeFiles/commsmsgs__rosidl_generator_c.dir/rosidl_generator_c/commsmsgs/msg/detail/sphere__functions.c.o] Error 1
[1.394s] gmake[2]: *** Waiting for unfinished jobs....
[1.415s] gmake[1]: *** [CMakeFiles/Makefile2:213: CMakeFiles/commsmsgs__rosidl_generator_c.dir/all] Error 2
[1.415s] gmake[1]: *** Waiting for unfinished jobs....
[1.519s] [ 20%] [32mBuilding CXX object CMakeFiles/commsmsgs__rosidl_typesupport_cpp.dir/rosidl_typesupport_cpp/commsmsgs/msg/num__type_support.cpp.o[0m
[1.520s] [ 23%] [32mBuilding CXX object CMakeFiles/commsmsgs__rosidl_typesupport_cpp.dir/rosidl_typesupport_cpp/commsmsgs/msg/sphere__type_support.cpp.o[0m
[1.532s] [ 25%] [32mBuilding CXX object CMakeFiles/commsmsgs__rosidl_typesupport_introspection_cpp.dir/rosidl_typesupport_introspection_cpp/commsmsgs/msg/detail/num__type_support.cpp.o[0m
[1.533s] [ 28%] [32mBuilding CXX object CMakeFiles/commsmsgs__rosidl_typesupport_introspection_cpp.dir/rosidl_typesupport_introspection_cpp/commsmsgs/msg/detail/sphere__type_support.cpp.o[0m
[1.550s] [ 30%] [32mBuilding CXX object CMakeFiles/commsmsgs__rosidl_typesupport_fastrtps_cpp.dir/rosidl_typesupport_fastrtps_cpp/commsmsgs/msg/detail/dds_fastrtps/sphere__type_support.cpp.o[0m
[1.550s] [ 33%] [32mBuilding CXX object CMakeFiles/commsmsgs__rosidl_typesupport_fastrtps_cpp.dir/rosidl_typesupport_fastrtps_cpp/commsmsgs/msg/detail/dds_fastrtps/num__type_support.cpp.o[0m
[1.562s] In file included from [01m[K/home/farquham/Desktop/GC_ros2_ws/Haptic-RW-UAS-Ground-Controller/build/commsmsgs/rosidl_typesupport_cpp/commsmsgs/msg/sphere__type_support.cpp:7[m[K:
[1.562s] [01m[K/home/farquham/Desktop/GC_ros2_ws/Haptic-RW-UAS-Ground-Controller/build/commsmsgs/rosidl_generator_cpp/commsmsgs/msg/detail/sphere__struct.hpp:20:10:[m[K [01;31m[Kfatal error: [m[Kgrometry_msgs/msg/detail/point__struct.hpp: No such file or directory
[1.562s]    20 | #include [01;31m[K"grometry_msgs/msg/detail/point__struct.hpp"[m[K
[1.562s]       |          [01;31m[K^~~~~~~~~~~~~~~~~~~~~~~~~~~~~~~~~~~~~~~~~~~~[m[K
[1.562s] compilation terminated.
[1.563s] gmake[2]: *** [CMakeFiles/commsmsgs__rosidl_typesupport_cpp.dir/build.make:163: CMakeFiles/commsmsgs__rosidl_typesupport_cpp.dir/rosidl_typesupport_cpp/commsmsgs/msg/sphere__type_support.cpp.o] Error 1
[1.563s] gmake[2]: *** Waiting for unfinished jobs....
[1.577s] In file included from [01m[K/home/farquham/Desktop/GC_ros2_ws/Haptic-RW-UAS-Ground-Controller/build/commsmsgs/rosidl_typesupport_introspection_cpp/commsmsgs/msg/detail/sphere__type_support.cpp:12[m[K:
[1.577s] [01m[K/home/farquham/Desktop/GC_ros2_ws/Haptic-RW-UAS-Ground-Controller/build/commsmsgs/rosidl_generator_cpp/commsmsgs/msg/detail/sphere__struct.hpp:20:10:[m[K [01;31m[Kfatal error: [m[Kgrometry_msgs/msg/detail/point__struct.hpp: No such file or directory
[1.577s]    20 | #include [01;31m[K"grometry_msgs/msg/detail/point__struct.hpp"[m[K
[1.577s]       |          [01;31m[K^~~~~~~~~~~~~~~~~~~~~~~~~~~~~~~~~~~~~~~~~~~~[m[K
[1.577s] compilation terminated.
[1.578s] gmake[2]: *** [CMakeFiles/commsmsgs__rosidl_typesupport_introspection_cpp.dir/build.make:171: CMakeFiles/commsmsgs__rosidl_typesupport_introspection_cpp.dir/rosidl_typesupport_introspection_cpp/commsmsgs/msg/detail/sphere__type_support.cpp.o] Error 1
[1.578s] gmake[2]: *** Waiting for unfinished jobs....
[1.588s] In file included from [01m[K/home/farquham/Desktop/GC_ros2_ws/Haptic-RW-UAS-Ground-Controller/build/commsmsgs/rosidl_typesupport_fastrtps_cpp/commsmsgs/msg/detail/sphere__rosidl_typesupport_fastrtps_cpp.hpp:11[m[K,
[1.588s]                  from [01m[K/home/farquham/Desktop/GC_ros2_ws/Haptic-RW-UAS-Ground-Controller/build/commsmsgs/rosidl_typesupport_fastrtps_cpp/commsmsgs/msg/detail/dds_fastrtps/sphere__type_support.cpp:4[m[K:
[1.588s] [01m[K/home/farquham/Desktop/GC_ros2_ws/Haptic-RW-UAS-Ground-Controller/build/commsmsgs/rosidl_generator_cpp/commsmsgs/msg/detail/sphere__struct.hpp:20:10:[m[K [01;31m[Kfatal error: [m[Kgrometry_msgs/msg/detail/point__struct.hpp: No such file or directory
[1.588s]    20 | #include [01;31m[K"grometry_msgs/msg/detail/point__struct.hpp"[m[K
[1.588s]       |          [01;31m[K^~~~~~~~~~~~~~~~~~~~~~~~~~~~~~~~~~~~~~~~~~~~[m[K
[1.588s] compilation terminated.
[1.589s] gmake[2]: *** [CMakeFiles/commsmsgs__rosidl_typesupport_fastrtps_cpp.dir/build.make:171: CMakeFiles/commsmsgs__rosidl_typesupport_fastrtps_cpp.dir/rosidl_typesupport_fastrtps_cpp/commsmsgs/msg/detail/dds_fastrtps/sphere__type_support.cpp.o] Error 1
[1.589s] gmake[2]: *** Waiting for unfinished jobs....
[1.678s] gmake[1]: *** [CMakeFiles/Makefile2:395: CMakeFiles/commsmsgs__rosidl_typesupport_cpp.dir/all] Error 2
[1.743s] gmake[1]: *** [CMakeFiles/Makefile2:369: CMakeFiles/commsmsgs__rosidl_typesupport_introspection_cpp.dir/all] Error 2
[1.786s] gmake[1]: *** [CMakeFiles/Makefile2:291: CMakeFiles/commsmsgs__rosidl_typesupport_fastrtps_cpp.dir/all] Error 2
[1.786s] gmake: *** [Makefile:146: all] Error 2
[1.789s] Invoked command in '/home/farquham/Desktop/GC_ros2_ws/Haptic-RW-UAS-Ground-Controller/build/commsmsgs' returned '2': CMAKE_PREFIX_PATH=/opt/ros/humble /usr/bin/cmake --build /home/farquham/Desktop/GC_ros2_ws/Haptic-RW-UAS-Ground-Controller/build/commsmsgs -- -j16 -l16
