[0.445s] DEBUG:colcon:Command line arguments: ['/usr/bin/colcon', 'build', '--packages-select', 'b_rim']
[0.445s] DEBUG:colcon:Parsed command line arguments: Namespace(log_base=None, log_level=None, verb_name='build', build_base='build', install_base='install', merge_install=False, symlink_install=False, test_result_base=None, continue_on_error=False, executor='parallel', parallel_workers=16, event_handlers=None, ignore_user_meta=False, metas=['./colcon.meta'], base_paths=['.'], packages_ignore=None, packages_ignore_regex=None, paths=None, packages_up_to=None, packages_up_to_regex=None, packages_above=None, packages_above_and_dependencies=None, packages_above_depth=None, packages_select_by_dep=None, packages_skip_by_dep=None, packages_skip_up_to=None, packages_select_build_failed=False, packages_skip_build_finished=False, packages_select_test_failures=False, packages_skip_test_passed=False, packages_select=['b_rim'], packages_skip=None, packages_select_regex=None, packages_skip_regex=None, packages_start=None, packages_end=None, allow_overriding=[], cmake_args=None, cmake_target=None, cmake_target_skip_unavailable=False, cmake_clean_cache=False, cmake_clean_first=False, cmake_force_configure=False, ament_cmake_args=None, catkin_cmake_args=None, catkin_skip_building_tests=False, verb_parser=<colcon_defaults.argument_parser.defaults.DefaultArgumentsDecorator object at 0x7f570e63d8a0>, verb_extension=<colcon_core.verb.build.BuildVerb object at 0x7f570e9d9840>, main=<bound method BuildVerb.main of <colcon_core.verb.build.BuildVerb object at 0x7f570e9d9840>>)
[0.472s] Level 1:colcon.colcon_core.package_discovery:discover_packages(colcon_meta) check parameters
[0.472s] Level 1:colcon.colcon_core.package_discovery:discover_packages(recursive) check parameters
[0.473s] Level 1:colcon.colcon_core.package_discovery:discover_packages(ignore) check parameters
[0.473s] Level 1:colcon.colcon_core.package_discovery:discover_packages(path) check parameters
[0.473s] Level 1:colcon.colcon_core.package_discovery:discover_packages(colcon_meta) discover
[0.473s] Level 1:colcon.colcon_core.package_discovery:discover_packages(recursive) discover
[0.473s] INFO:colcon.colcon_core.package_discovery:Crawling recursively for packages in '/home/farquham/Desktop/GC_ros2_ws/Haptic-RW-UAS-Ground-Controller'
[0.473s] Level 1:colcon.colcon_core.package_identification:_identify(.) by extensions ['ignore', 'ignore_ament_install']
[0.473s] Level 1:colcon.colcon_core.package_identification:_identify(.) by extension 'ignore'
[0.473s] Level 1:colcon.colcon_core.package_identification:_identify(.) by extension 'ignore_ament_install'
[0.473s] Level 1:colcon.colcon_core.package_identification:_identify(.) by extensions ['colcon_pkg']
[0.473s] Level 1:colcon.colcon_core.package_identification:_identify(.) by extension 'colcon_pkg'
[0.473s] Level 1:colcon.colcon_core.package_identification:_identify(.) by extensions ['colcon_meta']
[0.473s] Level 1:colcon.colcon_core.package_identification:_identify(.) by extension 'colcon_meta'
[0.473s] Level 1:colcon.colcon_core.package_identification:_identify(.) by extensions ['ros']
[0.473s] Level 1:colcon.colcon_core.package_identification:_identify(.) by extension 'ros'
[0.480s] Level 1:colcon.colcon_core.package_identification:_identify(.) by extensions ['cmake', 'python']
[0.481s] Level 1:colcon.colcon_core.package_identification:_identify(.) by extension 'cmake'
[0.481s] Level 1:colcon.colcon_core.package_identification:_identify(.) by extension 'python'
[0.481s] Level 1:colcon.colcon_core.package_identification:_identify(.) by extensions ['python_setup_py']
[0.481s] Level 1:colcon.colcon_core.package_identification:_identify(.) by extension 'python_setup_py'
[0.481s] Level 1:colcon.colcon_core.package_identification:_identify(build) by extensions ['ignore', 'ignore_ament_install']
[0.481s] Level 1:colcon.colcon_core.package_identification:_identify(build) by extension 'ignore'
[0.481s] Level 1:colcon.colcon_core.package_identification:_identify(build) ignored
[0.481s] Level 1:colcon.colcon_core.package_identification:_identify(install) by extensions ['ignore', 'ignore_ament_install']
[0.481s] Level 1:colcon.colcon_core.package_identification:_identify(install) by extension 'ignore'
[0.481s] Level 1:colcon.colcon_core.package_identification:_identify(install) ignored
[0.481s] Level 1:colcon.colcon_core.package_identification:_identify(log) by extensions ['ignore', 'ignore_ament_install']
[0.481s] Level 1:colcon.colcon_core.package_identification:_identify(log) by extension 'ignore'
[0.481s] Level 1:colcon.colcon_core.package_identification:_identify(log) ignored
[0.481s] Level 1:colcon.colcon_core.package_identification:_identify(src) by extensions ['ignore', 'ignore_ament_install']
[0.481s] Level 1:colcon.colcon_core.package_identification:_identify(src) by extension 'ignore'
[0.481s] Level 1:colcon.colcon_core.package_identification:_identify(src) by extension 'ignore_ament_install'
[0.481s] Level 1:colcon.colcon_core.package_identification:_identify(src) by extensions ['colcon_pkg']
[0.481s] Level 1:colcon.colcon_core.package_identification:_identify(src) by extension 'colcon_pkg'
[0.481s] Level 1:colcon.colcon_core.package_identification:_identify(src) by extensions ['colcon_meta']
[0.481s] Level 1:colcon.colcon_core.package_identification:_identify(src) by extension 'colcon_meta'
[0.481s] Level 1:colcon.colcon_core.package_identification:_identify(src) by extensions ['ros']
[0.481s] Level 1:colcon.colcon_core.package_identification:_identify(src) by extension 'ros'
[0.481s] Level 1:colcon.colcon_core.package_identification:_identify(src) by extensions ['cmake', 'python']
[0.481s] Level 1:colcon.colcon_core.package_identification:_identify(src) by extension 'cmake'
[0.481s] Level 1:colcon.colcon_core.package_identification:_identify(src) by extension 'python'
[0.481s] Level 1:colcon.colcon_core.package_identification:_identify(src) by extensions ['python_setup_py']
[0.481s] Level 1:colcon.colcon_core.package_identification:_identify(src) by extension 'python_setup_py'
[0.481s] Level 1:colcon.colcon_core.package_identification:_identify(src/b_rim) by extensions ['ignore', 'ignore_ament_install']
[0.481s] Level 1:colcon.colcon_core.package_identification:_identify(src/b_rim) by extension 'ignore'
[0.481s] Level 1:colcon.colcon_core.package_identification:_identify(src/b_rim) by extension 'ignore_ament_install'
[0.481s] Level 1:colcon.colcon_core.package_identification:_identify(src/b_rim) by extensions ['colcon_pkg']
[0.481s] Level 1:colcon.colcon_core.package_identification:_identify(src/b_rim) by extension 'colcon_pkg'
[0.481s] Level 1:colcon.colcon_core.package_identification:_identify(src/b_rim) by extensions ['colcon_meta']
[0.481s] Level 1:colcon.colcon_core.package_identification:_identify(src/b_rim) by extension 'colcon_meta'
[0.481s] Level 1:colcon.colcon_core.package_identification:_identify(src/b_rim) by extensions ['ros']
[0.481s] Level 1:colcon.colcon_core.package_identification:_identify(src/b_rim) by extension 'ros'
[0.483s] DEBUG:colcon.colcon_core.package_identification:Package 'src/b_rim' with type 'ros.ament_cmake' and name 'b_rim'
[0.483s] Level 1:colcon.colcon_core.package_identification:_identify(src/bmn) by extensions ['ignore', 'ignore_ament_install']
[0.483s] Level 1:colcon.colcon_core.package_identification:_identify(src/bmn) by extension 'ignore'
[0.483s] Level 1:colcon.colcon_core.package_identification:_identify(src/bmn) by extension 'ignore_ament_install'
[0.483s] Level 1:colcon.colcon_core.package_identification:_identify(src/bmn) by extensions ['colcon_pkg']
[0.483s] Level 1:colcon.colcon_core.package_identification:_identify(src/bmn) by extension 'colcon_pkg'
[0.483s] Level 1:colcon.colcon_core.package_identification:_identify(src/bmn) by extensions ['colcon_meta']
[0.483s] Level 1:colcon.colcon_core.package_identification:_identify(src/bmn) by extension 'colcon_meta'
[0.483s] Level 1:colcon.colcon_core.package_identification:_identify(src/bmn) by extensions ['ros']
[0.483s] Level 1:colcon.colcon_core.package_identification:_identify(src/bmn) by extension 'ros'
[0.483s] DEBUG:colcon.colcon_core.package_identification:Package 'src/bmn' with type 'ros.ament_cmake' and name 'bmn'
[0.484s] Level 1:colcon.colcon_core.package_identification:_identify(src/commsmsgs) by extensions ['ignore', 'ignore_ament_install']
[0.484s] Level 1:colcon.colcon_core.package_identification:_identify(src/commsmsgs) by extension 'ignore'
[0.484s] Level 1:colcon.colcon_core.package_identification:_identify(src/commsmsgs) by extension 'ignore_ament_install'
[0.484s] Level 1:colcon.colcon_core.package_identification:_identify(src/commsmsgs) by extensions ['colcon_pkg']
[0.484s] Level 1:colcon.colcon_core.package_identification:_identify(src/commsmsgs) by extension 'colcon_pkg'
[0.484s] Level 1:colcon.colcon_core.package_identification:_identify(src/commsmsgs) by extensions ['colcon_meta']
[0.484s] Level 1:colcon.colcon_core.package_identification:_identify(src/commsmsgs) by extension 'colcon_meta'
[0.484s] Level 1:colcon.colcon_core.package_identification:_identify(src/commsmsgs) by extensions ['ros']
[0.484s] Level 1:colcon.colcon_core.package_identification:_identify(src/commsmsgs) by extension 'ros'
[0.484s] DEBUG:colcon.colcon_core.package_identification:Package 'src/commsmsgs' with type 'ros.ament_cmake' and name 'commsmsgs'
[0.484s] Level 1:colcon.colcon_core.package_identification:_identify(src/datalogging) by extensions ['ignore', 'ignore_ament_install']
[0.484s] Level 1:colcon.colcon_core.package_identification:_identify(src/datalogging) by extension 'ignore'
[0.484s] Level 1:colcon.colcon_core.package_identification:_identify(src/datalogging) by extension 'ignore_ament_install'
[0.484s] Level 1:colcon.colcon_core.package_identification:_identify(src/datalogging) by extensions ['colcon_pkg']
[0.484s] Level 1:colcon.colcon_core.package_identification:_identify(src/datalogging) by extension 'colcon_pkg'
[0.484s] Level 1:colcon.colcon_core.package_identification:_identify(src/datalogging) by extensions ['colcon_meta']
[0.484s] Level 1:colcon.colcon_core.package_identification:_identify(src/datalogging) by extension 'colcon_meta'
[0.484s] Level 1:colcon.colcon_core.package_identification:_identify(src/datalogging) by extensions ['ros']
[0.484s] Level 1:colcon.colcon_core.package_identification:_identify(src/datalogging) by extension 'ros'
[0.485s] DEBUG:colcon.colcon_core.package_identification:Package 'src/datalogging' with type 'ros.ament_cmake' and name 'datalogging'
[0.485s] Level 1:colcon.colcon_core.package_identification:_identify(src/r_rim) by extensions ['ignore', 'ignore_ament_install']
[0.485s] Level 1:colcon.colcon_core.package_identification:_identify(src/r_rim) by extension 'ignore'
[0.485s] Level 1:colcon.colcon_core.package_identification:_identify(src/r_rim) by extension 'ignore_ament_install'
[0.485s] Level 1:colcon.colcon_core.package_identification:_identify(src/r_rim) by extensions ['colcon_pkg']
[0.485s] Level 1:colcon.colcon_core.package_identification:_identify(src/r_rim) by extension 'colcon_pkg'
[0.485s] Level 1:colcon.colcon_core.package_identification:_identify(src/r_rim) by extensions ['colcon_meta']
[0.485s] Level 1:colcon.colcon_core.package_identification:_identify(src/r_rim) by extension 'colcon_meta'
[0.485s] Level 1:colcon.colcon_core.package_identification:_identify(src/r_rim) by extensions ['ros']
[0.485s] Level 1:colcon.colcon_core.package_identification:_identify(src/r_rim) by extension 'ros'
[0.485s] DEBUG:colcon.colcon_core.package_identification:Package 'src/r_rim' with type 'ros.ament_cmake' and name 'r_rim'
[0.485s] Level 1:colcon.colcon_core.package_identification:_identify(src/rb_quad_sim) by extensions ['ignore', 'ignore_ament_install']
[0.486s] Level 1:colcon.colcon_core.package_identification:_identify(src/rb_quad_sim) by extension 'ignore'
[0.486s] Level 1:colcon.colcon_core.package_identification:_identify(src/rb_quad_sim) by extension 'ignore_ament_install'
[0.486s] Level 1:colcon.colcon_core.package_identification:_identify(src/rb_quad_sim) by extensions ['colcon_pkg']
[0.486s] Level 1:colcon.colcon_core.package_identification:_identify(src/rb_quad_sim) by extension 'colcon_pkg'
[0.486s] Level 1:colcon.colcon_core.package_identification:_identify(src/rb_quad_sim) by extensions ['colcon_meta']
[0.486s] Level 1:colcon.colcon_core.package_identification:_identify(src/rb_quad_sim) by extension 'colcon_meta'
[0.486s] Level 1:colcon.colcon_core.package_identification:_identify(src/rb_quad_sim) by extensions ['ros']
[0.486s] Level 1:colcon.colcon_core.package_identification:_identify(src/rb_quad_sim) by extension 'ros'
[0.486s] DEBUG:colcon.colcon_core.package_identification:Package 'src/rb_quad_sim' with type 'ros.ament_cmake' and name 'rb_quad_sim'
[0.486s] Level 1:colcon.colcon_core.package_identification:_identify(src/rpicomms) by extensions ['ignore', 'ignore_ament_install']
[0.486s] Level 1:colcon.colcon_core.package_identification:_identify(src/rpicomms) by extension 'ignore'
[0.486s] Level 1:colcon.colcon_core.package_identification:_identify(src/rpicomms) by extension 'ignore_ament_install'
[0.486s] Level 1:colcon.colcon_core.package_identification:_identify(src/rpicomms) by extensions ['colcon_pkg']
[0.486s] Level 1:colcon.colcon_core.package_identification:_identify(src/rpicomms) by extension 'colcon_pkg'
[0.486s] Level 1:colcon.colcon_core.package_identification:_identify(src/rpicomms) by extensions ['colcon_meta']
[0.486s] Level 1:colcon.colcon_core.package_identification:_identify(src/rpicomms) by extension 'colcon_meta'
[0.486s] Level 1:colcon.colcon_core.package_identification:_identify(src/rpicomms) by extensions ['ros']
[0.486s] Level 1:colcon.colcon_core.package_identification:_identify(src/rpicomms) by extension 'ros'
[0.486s] DEBUG:colcon.colcon_core.package_identification:Package 'src/rpicomms' with type 'ros.ament_cmake' and name 'rpicomms'
[0.487s] Level 1:colcon.colcon_core.package_identification:_identify(src/system_launcher) by extensions ['ignore', 'ignore_ament_install']
[0.487s] Level 1:colcon.colcon_core.package_identification:_identify(src/system_launcher) by extension 'ignore'
[0.487s] Level 1:colcon.colcon_core.package_identification:_identify(src/system_launcher) by extension 'ignore_ament_install'
[0.487s] Level 1:colcon.colcon_core.package_identification:_identify(src/system_launcher) by extensions ['colcon_pkg']
[0.487s] Level 1:colcon.colcon_core.package_identification:_identify(src/system_launcher) by extension 'colcon_pkg'
[0.487s] Level 1:colcon.colcon_core.package_identification:_identify(src/system_launcher) by extensions ['colcon_meta']
[0.487s] Level 1:colcon.colcon_core.package_identification:_identify(src/system_launcher) by extension 'colcon_meta'
[0.487s] Level 1:colcon.colcon_core.package_identification:_identify(src/system_launcher) by extensions ['ros']
[0.487s] Level 1:colcon.colcon_core.package_identification:_identify(src/system_launcher) by extension 'ros'
[0.487s] DEBUG:colcon.colcon_core.package_identification:Package 'src/system_launcher' with type 'ros.ament_python' and name 'system_launcher'
[0.487s] Level 1:colcon.colcon_core.package_identification:_identify(src/visualization_inputs) by extensions ['ignore', 'ignore_ament_install']
[0.487s] Level 1:colcon.colcon_core.package_identification:_identify(src/visualization_inputs) by extension 'ignore'
[0.487s] Level 1:colcon.colcon_core.package_identification:_identify(src/visualization_inputs) by extension 'ignore_ament_install'
[0.487s] Level 1:colcon.colcon_core.package_identification:_identify(src/visualization_inputs) by extensions ['colcon_pkg']
[0.487s] Level 1:colcon.colcon_core.package_identification:_identify(src/visualization_inputs) by extension 'colcon_pkg'
[0.487s] Level 1:colcon.colcon_core.package_identification:_identify(src/visualization_inputs) by extensions ['colcon_meta']
[0.487s] Level 1:colcon.colcon_core.package_identification:_identify(src/visualization_inputs) by extension 'colcon_meta'
[0.487s] Level 1:colcon.colcon_core.package_identification:_identify(src/visualization_inputs) by extensions ['ros']
[0.487s] Level 1:colcon.colcon_core.package_identification:_identify(src/visualization_inputs) by extension 'ros'
[0.487s] DEBUG:colcon.colcon_core.package_identification:Package 'src/visualization_inputs' with type 'ros.ament_python' and name 'visualization_inputs'
[0.488s] Level 1:colcon.colcon_core.package_discovery:discover_packages(recursive) using defaults
[0.488s] Level 1:colcon.colcon_core.package_discovery:discover_packages(ignore) discover
[0.488s] Level 1:colcon.colcon_core.package_discovery:discover_packages(ignore) using defaults
[0.488s] Level 1:colcon.colcon_core.package_discovery:discover_packages(path) discover
[0.488s] Level 1:colcon.colcon_core.package_discovery:discover_packages(path) using defaults
[0.517s] INFO:colcon.colcon_core.package_selection:Skipping not selected package 'bmn' in 'src/bmn'
[0.517s] INFO:colcon.colcon_core.package_selection:Skipping not selected package 'commsmsgs' in 'src/commsmsgs'
[0.517s] INFO:colcon.colcon_core.package_selection:Skipping not selected package 'datalogging' in 'src/datalogging'
[0.517s] INFO:colcon.colcon_core.package_selection:Skipping not selected package 'r_rim' in 'src/r_rim'
[0.517s] INFO:colcon.colcon_core.package_selection:Skipping not selected package 'rb_quad_sim' in 'src/rb_quad_sim'
[0.517s] INFO:colcon.colcon_core.package_selection:Skipping not selected package 'rpicomms' in 'src/rpicomms'
[0.517s] INFO:colcon.colcon_core.package_selection:Skipping not selected package 'system_launcher' in 'src/system_launcher'
[0.517s] INFO:colcon.colcon_core.package_selection:Skipping not selected package 'visualization_inputs' in 'src/visualization_inputs'
[0.532s] Level 1:colcon.colcon_core.package_discovery:discover_packages(prefix_path) check parameters
[0.532s] Level 1:colcon.colcon_core.package_discovery:discover_packages(prefix_path) discover
[0.548s] DEBUG:colcon.colcon_installed_package_information.package_discovery:Found 270 installed packages in /opt/ros/humble
[0.548s] Level 1:colcon.colcon_core.package_discovery:discover_packages(prefix_path) using defaults
[0.586s] Level 5:colcon.colcon_core.verb:set package 'b_rim' build argument 'cmake_args' from command line to 'None'
[0.586s] Level 5:colcon.colcon_core.verb:set package 'b_rim' build argument 'cmake_target' from command line to 'None'
[0.586s] Level 5:colcon.colcon_core.verb:set package 'b_rim' build argument 'cmake_target_skip_unavailable' from command line to 'False'
[0.586s] Level 5:colcon.colcon_core.verb:set package 'b_rim' build argument 'cmake_clean_cache' from command line to 'False'
[0.586s] Level 5:colcon.colcon_core.verb:set package 'b_rim' build argument 'cmake_clean_first' from command line to 'False'
[0.586s] Level 5:colcon.colcon_core.verb:set package 'b_rim' build argument 'cmake_force_configure' from command line to 'False'
[0.586s] Level 5:colcon.colcon_core.verb:set package 'b_rim' build argument 'ament_cmake_args' from command line to 'None'
[0.586s] Level 5:colcon.colcon_core.verb:set package 'b_rim' build argument 'catkin_cmake_args' from command line to 'None'
[0.586s] Level 5:colcon.colcon_core.verb:set package 'b_rim' build argument 'catkin_skip_building_tests' from command line to 'False'
[0.586s] DEBUG:colcon.colcon_core.verb:Building package 'b_rim' with the following arguments: {'ament_cmake_args': None, 'build_base': '/home/farquham/Desktop/GC_ros2_ws/Haptic-RW-UAS-Ground-Controller/build/b_rim', 'catkin_cmake_args': None, 'catkin_skip_building_tests': False, 'cmake_args': None, 'cmake_clean_cache': False, 'cmake_clean_first': False, 'cmake_force_configure': False, 'cmake_target': None, 'cmake_target_skip_unavailable': False, 'install_base': '/home/farquham/Desktop/GC_ros2_ws/Haptic-RW-UAS-Ground-Controller/install/b_rim', 'merge_install': False, 'path': '/home/farquham/Desktop/GC_ros2_ws/Haptic-RW-UAS-Ground-Controller/src/b_rim', 'symlink_install': False, 'test_result_base': None}
[0.593s] INFO:colcon.colcon_core.executor:Executing jobs using 'parallel' executor
[0.601s] DEBUG:colcon.colcon_parallel_executor.executor.parallel:run_until_complete
[0.601s] INFO:colcon.colcon_ros.task.ament_cmake.build:Building ROS package in '/home/farquham/Desktop/GC_ros2_ws/Haptic-RW-UAS-Ground-Controller/src/b_rim' with build type 'ament_cmake'
[0.601s] INFO:colcon.colcon_cmake.task.cmake.build:Building CMake package in '/home/farquham/Desktop/GC_ros2_ws/Haptic-RW-UAS-Ground-Controller/src/b_rim'
[0.609s] INFO:colcon.colcon_core.plugin_system:Skipping extension 'colcon_core.shell.bat': Not used on non-Windows systems
[0.609s] INFO:colcon.colcon_core.shell:Skip shell extension 'powershell' for command environment: Not usable outside of PowerShell
[0.609s] DEBUG:colcon.colcon_core.shell:Skip shell extension 'dsv' for command environment
[0.637s] DEBUG:colcon.colcon_core.event_handler.log_command:Invoking command in '/home/farquham/Desktop/GC_ros2_ws/Haptic-RW-UAS-Ground-Controller/build/b_rim': CMAKE_PREFIX_PATH=/opt/ros/humble /usr/bin/cmake --build /home/farquham/Desktop/GC_ros2_ws/Haptic-RW-UAS-Ground-Controller/build/b_rim -- -j16 -l16
[1.056s] DEBUG:colcon.colcon_core.event_handler.log_command:Invoked command in '/home/farquham/Desktop/GC_ros2_ws/Haptic-RW-UAS-Ground-Controller/build/b_rim' returned '0': CMAKE_PREFIX_PATH=/opt/ros/humble /usr/bin/cmake --build /home/farquham/Desktop/GC_ros2_ws/Haptic-RW-UAS-Ground-Controller/build/b_rim -- -j16 -l16
[1.076s] DEBUG:colcon.colcon_core.event_handler.log_command:Invoking command in '/home/farquham/Desktop/GC_ros2_ws/Haptic-RW-UAS-Ground-Controller/build/b_rim': CMAKE_PREFIX_PATH=/opt/ros/humble /usr/bin/cmake --install /home/farquham/Desktop/GC_ros2_ws/Haptic-RW-UAS-Ground-Controller/build/b_rim
[1.082s] Level 1:colcon.colcon_core.environment:create_environment_scripts_only(b_rim)
[1.083s] DEBUG:colcon.colcon_core.event_handler.log_command:Invoked command in '/home/farquham/Desktop/GC_ros2_ws/Haptic-RW-UAS-Ground-Controller/build/b_rim' returned '0': CMAKE_PREFIX_PATH=/opt/ros/humble /usr/bin/cmake --install /home/farquham/Desktop/GC_ros2_ws/Haptic-RW-UAS-Ground-Controller/build/b_rim
[1.092s] Level 1:colcon.colcon_core.environment:checking '/home/farquham/Desktop/GC_ros2_ws/Haptic-RW-UAS-Ground-Controller/install/b_rim' for CMake module files
[1.093s] Level 1:colcon.colcon_core.environment:checking '/home/farquham/Desktop/GC_ros2_ws/Haptic-RW-UAS-Ground-Controller/install/b_rim' for CMake config files
[1.093s] Level 1:colcon.colcon_core.shell:create_environment_hook('b_rim', 'cmake_prefix_path')
[1.101s] INFO:colcon.colcon_core.shell:Creating environment hook '/home/farquham/Desktop/GC_ros2_ws/Haptic-RW-UAS-Ground-Controller/install/b_rim/share/b_rim/hook/cmake_prefix_path.ps1'
[1.102s] INFO:colcon.colcon_core.shell:Creating environment descriptor '/home/farquham/Desktop/GC_ros2_ws/Haptic-RW-UAS-Ground-Controller/install/b_rim/share/b_rim/hook/cmake_prefix_path.dsv'
[1.102s] INFO:colcon.colcon_core.shell:Creating environment hook '/home/farquham/Desktop/GC_ros2_ws/Haptic-RW-UAS-Ground-Controller/install/b_rim/share/b_rim/hook/cmake_prefix_path.sh'
[1.103s] Level 1:colcon.colcon_core.environment:checking '/home/farquham/Desktop/GC_ros2_ws/Haptic-RW-UAS-Ground-Controller/install/b_rim/bin'
[1.103s] Level 1:colcon.colcon_core.environment:checking '/home/farquham/Desktop/GC_ros2_ws/Haptic-RW-UAS-Ground-Controller/install/b_rim/lib/pkgconfig/b_rim.pc'
[1.103s] Level 1:colcon.colcon_core.environment:checking '/home/farquham/Desktop/GC_ros2_ws/Haptic-RW-UAS-Ground-Controller/install/b_rim/lib/python3.10/site-packages'
[1.103s] Level 1:colcon.colcon_core.environment:checking '/home/farquham/Desktop/GC_ros2_ws/Haptic-RW-UAS-Ground-Controller/install/b_rim/bin'
[1.110s] INFO:colcon.colcon_core.shell:Creating package script '/home/farquham/Desktop/GC_ros2_ws/Haptic-RW-UAS-Ground-Controller/install/b_rim/share/b_rim/package.ps1'
[1.110s] INFO:colcon.colcon_core.shell:Creating package descriptor '/home/farquham/Desktop/GC_ros2_ws/Haptic-RW-UAS-Ground-Controller/install/b_rim/share/b_rim/package.dsv'
[1.111s] INFO:colcon.colcon_core.shell:Creating package script '/home/farquham/Desktop/GC_ros2_ws/Haptic-RW-UAS-Ground-Controller/install/b_rim/share/b_rim/package.sh'
[1.111s] INFO:colcon.colcon_core.shell:Creating package script '/home/farquham/Desktop/GC_ros2_ws/Haptic-RW-UAS-Ground-Controller/install/b_rim/share/b_rim/package.bash'
[1.111s] INFO:colcon.colcon_core.shell:Creating package script '/home/farquham/Desktop/GC_ros2_ws/Haptic-RW-UAS-Ground-Controller/install/b_rim/share/b_rim/package.zsh'
[1.112s] Level 1:colcon.colcon_core.environment:create_file_with_runtime_dependencies(/home/farquham/Desktop/GC_ros2_ws/Haptic-RW-UAS-Ground-Controller/install/b_rim/share/colcon-core/packages/b_rim)
[1.133s] Level 1:colcon.colcon_core.environment:create_environment_scripts_only(b_rim)
[1.143s] Level 1:colcon.colcon_core.environment:checking '/home/farquham/Desktop/GC_ros2_ws/Haptic-RW-UAS-Ground-Controller/install/b_rim' for CMake module files
[1.144s] Level 1:colcon.colcon_core.environment:checking '/home/farquham/Desktop/GC_ros2_ws/Haptic-RW-UAS-Ground-Controller/install/b_rim' for CMake config files
[1.144s] Level 1:colcon.colcon_core.shell:create_environment_hook('b_rim', 'cmake_prefix_path')
[1.152s] INFO:colcon.colcon_core.shell:Creating environment hook '/home/farquham/Desktop/GC_ros2_ws/Haptic-RW-UAS-Ground-Controller/install/b_rim/share/b_rim/hook/cmake_prefix_path.ps1'
[1.152s] INFO:colcon.colcon_core.shell:Creating environment descriptor '/home/farquham/Desktop/GC_ros2_ws/Haptic-RW-UAS-Ground-Controller/install/b_rim/share/b_rim/hook/cmake_prefix_path.dsv'
[1.152s] INFO:colcon.colcon_core.shell:Creating environment hook '/home/farquham/Desktop/GC_ros2_ws/Haptic-RW-UAS-Ground-Controller/install/b_rim/share/b_rim/hook/cmake_prefix_path.sh'
[1.152s] Level 1:colcon.colcon_core.environment:checking '/home/farquham/Desktop/GC_ros2_ws/Haptic-RW-UAS-Ground-Controller/install/b_rim/bin'
[1.153s] Level 1:colcon.colcon_core.environment:checking '/home/farquham/Desktop/GC_ros2_ws/Haptic-RW-UAS-Ground-Controller/install/b_rim/lib/pkgconfig/b_rim.pc'
[1.153s] Level 1:colcon.colcon_core.environment:checking '/home/farquham/Desktop/GC_ros2_ws/Haptic-RW-UAS-Ground-Controller/install/b_rim/lib/python3.10/site-packages'
[1.153s] Level 1:colcon.colcon_core.environment:checking '/home/farquham/Desktop/GC_ros2_ws/Haptic-RW-UAS-Ground-Controller/install/b_rim/bin'
[1.160s] INFO:colcon.colcon_core.shell:Creating package script '/home/farquham/Desktop/GC_ros2_ws/Haptic-RW-UAS-Ground-Controller/install/b_rim/share/b_rim/package.ps1'
[1.160s] INFO:colcon.colcon_core.shell:Creating package descriptor '/home/farquham/Desktop/GC_ros2_ws/Haptic-RW-UAS-Ground-Controller/install/b_rim/share/b_rim/package.dsv'
[1.160s] INFO:colcon.colcon_core.shell:Creating package script '/home/farquham/Desktop/GC_ros2_ws/Haptic-RW-UAS-Ground-Controller/install/b_rim/share/b_rim/package.sh'
[1.161s] INFO:colcon.colcon_core.shell:Creating package script '/home/farquham/Desktop/GC_ros2_ws/Haptic-RW-UAS-Ground-Controller/install/b_rim/share/b_rim/package.bash'
[1.161s] INFO:colcon.colcon_core.shell:Creating package script '/home/farquham/Desktop/GC_ros2_ws/Haptic-RW-UAS-Ground-Controller/install/b_rim/share/b_rim/package.zsh'
[1.161s] Level 1:colcon.colcon_core.environment:create_file_with_runtime_dependencies(/home/farquham/Desktop/GC_ros2_ws/Haptic-RW-UAS-Ground-Controller/install/b_rim/share/colcon-core/packages/b_rim)
[1.161s] DEBUG:colcon.colcon_parallel_executor.executor.parallel:closing loop
[1.162s] DEBUG:colcon.colcon_parallel_executor.executor.parallel:loop closed
[1.162s] DEBUG:colcon.colcon_parallel_executor.executor.parallel:run_until_complete finished with '0'
[1.162s] DEBUG:colcon.colcon_core.event_reactor:joining thread
[1.175s] INFO:colcon.colcon_core.plugin_system:Skipping extension 'colcon_notification.desktop_notification.terminal_notifier': Not used on non-Darwin systems
[1.176s] INFO:colcon.colcon_core.plugin_system:Skipping extension 'colcon_notification.desktop_notification.win32': Not used on non-Windows systems
[1.176s] INFO:colcon.colcon_notification.desktop_notification:Sending desktop notification using 'notify2'
[1.186s] DEBUG:colcon.colcon_core.event_reactor:joined thread
[1.196s] INFO:colcon.colcon_core.shell:Creating prefix script '/home/farquham/Desktop/GC_ros2_ws/Haptic-RW-UAS-Ground-Controller/install/local_setup.ps1'
[1.196s] INFO:colcon.colcon_core.shell:Creating prefix util module '/home/farquham/Desktop/GC_ros2_ws/Haptic-RW-UAS-Ground-Controller/install/_local_setup_util_ps1.py'
[1.197s] INFO:colcon.colcon_core.shell:Creating prefix chain script '/home/farquham/Desktop/GC_ros2_ws/Haptic-RW-UAS-Ground-Controller/install/setup.ps1'
[1.209s] INFO:colcon.colcon_core.shell:Creating prefix script '/home/farquham/Desktop/GC_ros2_ws/Haptic-RW-UAS-Ground-Controller/install/local_setup.sh'
[1.209s] INFO:colcon.colcon_core.shell:Creating prefix util module '/home/farquham/Desktop/GC_ros2_ws/Haptic-RW-UAS-Ground-Controller/install/_local_setup_util_sh.py'
[1.210s] INFO:colcon.colcon_core.shell:Creating prefix chain script '/home/farquham/Desktop/GC_ros2_ws/Haptic-RW-UAS-Ground-Controller/install/setup.sh'
[1.220s] INFO:colcon.colcon_core.shell:Creating prefix script '/home/farquham/Desktop/GC_ros2_ws/Haptic-RW-UAS-Ground-Controller/install/local_setup.bash'
[1.221s] INFO:colcon.colcon_core.shell:Creating prefix chain script '/home/farquham/Desktop/GC_ros2_ws/Haptic-RW-UAS-Ground-Controller/install/setup.bash'
[1.231s] INFO:colcon.colcon_core.shell:Creating prefix script '/home/farquham/Desktop/GC_ros2_ws/Haptic-RW-UAS-Ground-Controller/install/local_setup.zsh'
[1.232s] INFO:colcon.colcon_core.shell:Creating prefix chain script '/home/farquham/Desktop/GC_ros2_ws/Haptic-RW-UAS-Ground-Controller/install/setup.zsh'
