[0.034s] Invoking command in '/home/farquham/Desktop/GC_ros2_ws/Haptic-RW-UAS-Ground-Controller/build/bmn': CMAKE_PREFIX_PATH=/opt/ros/humble /usr/bin/cmake /home/farquham/Desktop/GC_ros2_ws/Haptic-RW-UAS-Ground-Controller/src/bmn -DCMAKE_INSTALL_PREFIX=/home/farquham/Desktop/GC_ros2_ws/Haptic-RW-UAS-Ground-Controller/install/bmn
[0.068s] -- The C compiler identification is GNU 11.4.0
[0.099s] -- The CXX compiler identification is GNU 11.4.0
[0.103s] -- Detecting C compiler ABI info
[0.147s] -- Detecting C compiler ABI info - done
[0.151s] -- Check for working C compiler: /usr/bin/cc - skipped
[0.152s] -- Detecting C compile features
[0.152s] -- Detecting C compile features - done
[0.154s] -- Detecting CXX compiler ABI info
[0.201s] -- Detecting CXX compiler ABI info - done
[0.205s] -- Check for working CXX compiler: /usr/bin/c++ - skipped
[0.205s] -- Detecting CXX compile features
[0.206s] -- Detecting CXX compile features - done
[1.625s] -- Found ament_cmake: 1.3.7 (/opt/ros/humble/share/ament_cmake/cmake)
[1.836s] -- Found Python3: /usr/bin/python3.10 (found version "3.10.12") found components: Interpreter 
[1.888s] -- Found rclcpp: 16.0.8 (/opt/ros/humble/share/rclcpp/cmake)
[1.911s] -- Found rosidl_generator_c: 3.1.5 (/opt/ros/humble/share/rosidl_generator_c/cmake)
[1.913s] -- Found rosidl_adapter: 3.1.5 (/opt/ros/humble/share/rosidl_adapter/cmake)
[1.918s] -- Found rosidl_generator_cpp: 3.1.5 (/opt/ros/humble/share/rosidl_generator_cpp/cmake)
[1.925s] -- Using all available rosidl_typesupport_c: rosidl_typesupport_fastrtps_c;rosidl_typesupport_introspection_c
[1.936s] -- Using all available rosidl_typesupport_cpp: rosidl_typesupport_fastrtps_cpp;rosidl_typesupport_introspection_cpp
[1.977s] -- Found rmw_implementation_cmake: 6.1.1 (/opt/ros/humble/share/rmw_implementation_cmake/cmake)
[1.978s] -- Found rmw_fastrtps_cpp: 6.2.6 (/opt/ros/humble/share/rmw_fastrtps_cpp/cmake)
[2.036s] -- Found OpenSSL: /usr/lib/x86_64-linux-gnu/libcrypto.so (found version "3.0.2")  
[2.056s] -- Found FastRTPS: /opt/ros/humble/include  
[2.093s] -- Using RMW implementation 'rmw_fastrtps_cpp' as default
[2.098s] -- Looking for pthread.h
[2.144s] -- Looking for pthread.h - found
[2.145s] -- Performing Test CMAKE_HAVE_LIBC_PTHREAD
[2.191s] -- Performing Test CMAKE_HAVE_LIBC_PTHREAD - Success
[2.191s] -- Found Threads: TRUE  
[2.296s] [31mCMake Error at CMakeLists.txt:31 (find_package):
[2.297s]   By not providing "FindEigen.cmake" in CMAKE_MODULE_PATH this project has
[2.297s]   asked CMake to find a package configuration file provided by "Eigen", but
[2.297s]   CMake did not find one.
[2.297s] 
[2.297s]   Could not find a package configuration file provided by "Eigen" with any of
[2.297s]   the following names:
[2.297s] 
[2.297s]     EigenConfig.cmake
[2.297s]     eigen-config.cmake
[2.297s] 
[2.297s]   Add the installation prefix of "Eigen" to CMAKE_PREFIX_PATH or set
[2.297s]   "Eigen_DIR" to a directory containing one of the above files.  If "Eigen"
[2.297s]   provides a separate development package or SDK, be sure it has been
[2.298s]   installed.
[2.298s] 
[2.298s] [0m
[2.298s] -- Configuring incomplete, errors occurred!
[2.298s] See also "/home/farquham/Desktop/GC_ros2_ws/Haptic-RW-UAS-Ground-Controller/build/bmn/CMakeFiles/CMakeOutput.log".
[2.303s] Invoked command in '/home/farquham/Desktop/GC_ros2_ws/Haptic-RW-UAS-Ground-Controller/build/bmn' returned '1': CMAKE_PREFIX_PATH=/opt/ros/humble /usr/bin/cmake /home/farquham/Desktop/GC_ros2_ws/Haptic-RW-UAS-Ground-Controller/src/bmn -DCMAKE_INSTALL_PREFIX=/home/farquham/Desktop/GC_ros2_ws/Haptic-RW-UAS-Ground-Controller/install/bmn
