-- The C compiler identification is GNU 11.4.0
-- The CXX compiler identification is GNU 11.4.0
-- Detecting C compiler ABI info
-- Detecting C compiler ABI info - done
-- Check for working C compiler: /usr/bin/cc - skipped
-- Detecting C compile features
-- Detecting C compile features - done
-- Detecting CXX compiler ABI info
-- Detecting CXX compiler ABI info - done
-- Check for working CXX compiler: /usr/bin/c++ - skipped
-- Detecting CXX compile features
-- Detecting CXX compile features - done
-- Found ament_cmake: 1.3.7 (/opt/ros/humble/share/ament_cmake/cmake)
-- Found Python3: /usr/bin/python3.10 (found version "3.10.12") found components: Interpreter 
-- Found ament_lint_auto: 0.12.10 (/opt/ros/humble/share/ament_lint_auto/cmake)
WARNING: Package name "rbQuadSimulation" does not follow the naming conventions. It should start with a lower case letter and only contain lower case letters, digits, underscores, and dashes.
-- Added test 'lint_cmake' to check CMake code style
-- Added test 'xmllint' to check XML markup files
-- Configuring done
-- Generating done
-- Build files have been written to: /home/farquham/Desktop/GC_ros2_ws/Haptic-RW-UAS-Ground-Controller/build/rbQuadSimulation
-- Install configuration: ""
-- Installing: /home/farquham/Desktop/GC_ros2_ws/Haptic-RW-UAS-Ground-Controller/install/rbQuadSimulation/share/ament_index/resource_index/package_run_dependencies/rbQuadSimulation
-- Installing: /home/farquham/Desktop/GC_ros2_ws/Haptic-RW-UAS-Ground-Controller/install/rbQuadSimulation/share/ament_index/resource_index/parent_prefix_path/rbQuadSimulation
-- Installing: /home/farquham/Desktop/GC_ros2_ws/Haptic-RW-UAS-Ground-Controller/install/rbQuadSimulation/share/rbQuadSimulation/environment/ament_prefix_path.sh
-- Installing: /home/farquham/Desktop/GC_ros2_ws/Haptic-RW-UAS-Ground-Controller/install/rbQuadSimulation/share/rbQuadSimulation/environment/ament_prefix_path.dsv
-- Installing: /home/farquham/Desktop/GC_ros2_ws/Haptic-RW-UAS-Ground-Controller/install/rbQuadSimulation/share/rbQuadSimulation/environment/path.sh
-- Installing: /home/farquham/Desktop/GC_ros2_ws/Haptic-RW-UAS-Ground-Controller/install/rbQuadSimulation/share/rbQuadSimulation/environment/path.dsv
-- Installing: /home/farquham/Desktop/GC_ros2_ws/Haptic-RW-UAS-Ground-Controller/install/rbQuadSimulation/share/rbQuadSimulation/local_setup.bash
-- Installing: /home/farquham/Desktop/GC_ros2_ws/Haptic-RW-UAS-Ground-Controller/install/rbQuadSimulation/share/rbQuadSimulation/local_setup.sh
-- Installing: /home/farquham/Desktop/GC_ros2_ws/Haptic-RW-UAS-Ground-Controller/install/rbQuadSimulation/share/rbQuadSimulation/local_setup.zsh
-- Installing: /home/farquham/Desktop/GC_ros2_ws/Haptic-RW-UAS-Ground-Controller/install/rbQuadSimulation/share/rbQuadSimulation/local_setup.dsv
-- Installing: /home/farquham/Desktop/GC_ros2_ws/Haptic-RW-UAS-Ground-Controller/install/rbQuadSimulation/share/rbQuadSimulation/package.dsv
-- Installing: /home/farquham/Desktop/GC_ros2_ws/Haptic-RW-UAS-Ground-Controller/install/rbQuadSimulation/share/ament_index/resource_index/packages/rbQuadSimulation
-- Installing: /home/farquham/Desktop/GC_ros2_ws/Haptic-RW-UAS-Ground-Controller/install/rbQuadSimulation/share/rbQuadSimulation/cmake/rbQuadSimulationConfig.cmake
-- Installing: /home/farquham/Desktop/GC_ros2_ws/Haptic-RW-UAS-Ground-Controller/install/rbQuadSimulation/share/rbQuadSimulation/cmake/rbQuadSimulationConfig-version.cmake
-- Installing: /home/farquham/Desktop/GC_ros2_ws/Haptic-RW-UAS-Ground-Controller/install/rbQuadSimulation/share/rbQuadSimulation/package.xml
