[0.095s] Invoking command in '/home/farquham/Desktop/GC_ros2_ws/Haptic-RW-UAS-Ground-Controller/build/rbQuadSimulation': CMAKE_PREFIX_PATH=/opt/ros/humble /usr/bin/cmake /home/farquham/Desktop/GC_ros2_ws/Haptic-RW-UAS-Ground-Controller/src/rbQuadSimulation -DCMAKE_INSTALL_PREFIX=/home/farquham/Desktop/GC_ros2_ws/Haptic-RW-UAS-Ground-Controller/install/rbQuadSimulation
[0.154s] -- The C compiler identification is GNU 11.4.0
[0.214s] -- The CXX compiler identification is GNU 11.4.0
[0.222s] -- Detecting C compiler ABI info
[0.286s] -- Detecting C compiler ABI info - done
[0.293s] -- Check for working C compiler: /usr/bin/cc - skipped
[0.293s] -- Detecting C compile features
[0.294s] -- Detecting C compile features - done
[0.296s] -- Detecting CXX compiler ABI info
[0.375s] -- Detecting CXX compiler ABI info - done
[0.385s] -- Check for working CXX compiler: /usr/bin/c++ - skipped
[0.385s] -- Detecting CXX compile features
[0.386s] -- Detecting CXX compile features - done
[0.389s] -- Found ament_cmake: 1.3.7 (/opt/ros/humble/share/ament_cmake/cmake)
[0.751s] -- Found Python3: /usr/bin/python3.10 (found version "3.10.12") found components: Interpreter 
[0.825s] -- Found ament_lint_auto: 0.12.10 (/opt/ros/humble/share/ament_lint_auto/cmake)
[0.874s] WARNING: Package name "rbQuadSimulation" does not follow the naming conventions. It should start with a lower case letter and only contain lower case letters, digits, underscores, and dashes.
[0.894s] -- Added test 'lint_cmake' to check CMake code style
[0.895s] -- Added test 'xmllint' to check XML markup files
[0.897s] -- Configuring done
[0.898s] -- Generating done
[0.899s] -- Build files have been written to: /home/farquham/Desktop/GC_ros2_ws/Haptic-RW-UAS-Ground-Controller/build/rbQuadSimulation
[0.905s] Invoked command in '/home/farquham/Desktop/GC_ros2_ws/Haptic-RW-UAS-Ground-Controller/build/rbQuadSimulation' returned '0': CMAKE_PREFIX_PATH=/opt/ros/humble /usr/bin/cmake /home/farquham/Desktop/GC_ros2_ws/Haptic-RW-UAS-Ground-Controller/src/rbQuadSimulation -DCMAKE_INSTALL_PREFIX=/home/farquham/Desktop/GC_ros2_ws/Haptic-RW-UAS-Ground-Controller/install/rbQuadSimulation
[0.906s] Invoking command in '/home/farquham/Desktop/GC_ros2_ws/Haptic-RW-UAS-Ground-Controller/build/rbQuadSimulation': CMAKE_PREFIX_PATH=/opt/ros/humble /usr/bin/cmake --build /home/farquham/Desktop/GC_ros2_ws/Haptic-RW-UAS-Ground-Controller/build/rbQuadSimulation -- -j16 -l16
[0.983s] Invoked command in '/home/farquham/Desktop/GC_ros2_ws/Haptic-RW-UAS-Ground-Controller/build/rbQuadSimulation' returned '0': CMAKE_PREFIX_PATH=/opt/ros/humble /usr/bin/cmake --build /home/farquham/Desktop/GC_ros2_ws/Haptic-RW-UAS-Ground-Controller/build/rbQuadSimulation -- -j16 -l16
[1.092s] Invoking command in '/home/farquham/Desktop/GC_ros2_ws/Haptic-RW-UAS-Ground-Controller/build/rbQuadSimulation': CMAKE_PREFIX_PATH=/opt/ros/humble /usr/bin/cmake --install /home/farquham/Desktop/GC_ros2_ws/Haptic-RW-UAS-Ground-Controller/build/rbQuadSimulation
[1.137s] -- Install configuration: ""
[1.137s] -- Installing: /home/farquham/Desktop/GC_ros2_ws/Haptic-RW-UAS-Ground-Controller/install/rbQuadSimulation/share/ament_index/resource_index/package_run_dependencies/rbQuadSimulation
[1.137s] -- Installing: /home/farquham/Desktop/GC_ros2_ws/Haptic-RW-UAS-Ground-Controller/install/rbQuadSimulation/share/ament_index/resource_index/parent_prefix_path/rbQuadSimulation
[1.137s] -- Installing: /home/farquham/Desktop/GC_ros2_ws/Haptic-RW-UAS-Ground-Controller/install/rbQuadSimulation/share/rbQuadSimulation/environment/ament_prefix_path.sh
[1.137s] -- Installing: /home/farquham/Desktop/GC_ros2_ws/Haptic-RW-UAS-Ground-Controller/install/rbQuadSimulation/share/rbQuadSimulation/environment/ament_prefix_path.dsv
[1.137s] -- Installing: /home/farquham/Desktop/GC_ros2_ws/Haptic-RW-UAS-Ground-Controller/install/rbQuadSimulation/share/rbQuadSimulation/environment/path.sh
[1.137s] -- Installing: /home/farquham/Desktop/GC_ros2_ws/Haptic-RW-UAS-Ground-Controller/install/rbQuadSimulation/share/rbQuadSimulation/environment/path.dsv
[1.137s] -- Installing: /home/farquham/Desktop/GC_ros2_ws/Haptic-RW-UAS-Ground-Controller/install/rbQuadSimulation/share/rbQuadSimulation/local_setup.bash
[1.137s] -- Installing: /home/farquham/Desktop/GC_ros2_ws/Haptic-RW-UAS-Ground-Controller/install/rbQuadSimulation/share/rbQuadSimulation/local_setup.sh
[1.137s] -- Installing: /home/farquham/Desktop/GC_ros2_ws/Haptic-RW-UAS-Ground-Controller/install/rbQuadSimulation/share/rbQuadSimulation/local_setup.zsh
[1.137s] -- Installing: /home/farquham/Desktop/GC_ros2_ws/Haptic-RW-UAS-Ground-Controller/install/rbQuadSimulation/share/rbQuadSimulation/local_setup.dsv
[1.137s] -- Installing: /home/farquham/Desktop/GC_ros2_ws/Haptic-RW-UAS-Ground-Controller/install/rbQuadSimulation/share/rbQuadSimulation/package.dsv
[1.137s] -- Installing: /home/farquham/Desktop/GC_ros2_ws/Haptic-RW-UAS-Ground-Controller/install/rbQuadSimulation/share/ament_index/resource_index/packages/rbQuadSimulation
[1.137s] -- Installing: /home/farquham/Desktop/GC_ros2_ws/Haptic-RW-UAS-Ground-Controller/install/rbQuadSimulation/share/rbQuadSimulation/cmake/rbQuadSimulationConfig.cmake
[1.138s] -- Installing: /home/farquham/Desktop/GC_ros2_ws/Haptic-RW-UAS-Ground-Controller/install/rbQuadSimulation/share/rbQuadSimulation/cmake/rbQuadSimulationConfig-version.cmake
[1.138s] -- Installing: /home/farquham/Desktop/GC_ros2_ws/Haptic-RW-UAS-Ground-Controller/install/rbQuadSimulation/share/rbQuadSimulation/package.xml
[1.205s] Invoked command in '/home/farquham/Desktop/GC_ros2_ws/Haptic-RW-UAS-Ground-Controller/build/rbQuadSimulation' returned '0': CMAKE_PREFIX_PATH=/opt/ros/humble /usr/bin/cmake --install /home/farquham/Desktop/GC_ros2_ws/Haptic-RW-UAS-Ground-Controller/build/rbQuadSimulation
