[0.757s] DEBUG:colcon:Command line arguments: ['/usr/bin/colcon', 'list', '-p', '--base-paths', '/home/farquham/Desktop/GC_ros2_ws/Haptic-RW-UAS-Ground-Controller']
[0.757s] DEBUG:colcon:Parsed command line arguments: Namespace(log_base=None, log_level=None, verb_name='list', build_base='build', ignore_user_meta=False, metas=['./colcon.meta'], base_paths=['/home/farquham/Desktop/GC_ros2_ws/Haptic-RW-UAS-Ground-Controller'], packages_ignore=None, packages_ignore_regex=None, paths=None, packages_up_to=None, packages_up_to_regex=None, packages_above=None, packages_above_and_dependencies=None, packages_above_depth=None, packages_select_by_dep=None, packages_skip_by_dep=None, packages_skip_up_to=None, packages_select_build_failed=False, packages_skip_build_finished=False, packages_select_test_failures=False, packages_skip_test_passed=False, packages_select=None, packages_skip=None, packages_select_regex=None, packages_skip_regex=None, packages_start=None, packages_end=None, allow_overriding=[], topological_order=False, names_only=False, paths_only=True, topological_graph=False, topological_graph_dot=False, topological_graph_density=False, topological_graph_legend=False, topological_graph_dot_cluster=False, topological_graph_dot_include_skipped=False, verb_parser=<colcon_defaults.argument_parser.defaults.DefaultArgumentsDecorator object at 0x7fe03f3f2e90>, verb_extension=<colcon_package_information.verb.list.ListVerb object at 0x7fe03f8cf670>, main=<bound method ListVerb.main of <colcon_package_information.verb.list.ListVerb object at 0x7fe03f8cf670>>)
[0.802s] Level 1:colcon.colcon_core.package_discovery:discover_packages(colcon_meta) check parameters
[0.802s] Level 1:colcon.colcon_core.package_discovery:discover_packages(recursive) check parameters
[0.802s] Level 1:colcon.colcon_core.package_discovery:discover_packages(ignore) check parameters
[0.802s] Level 1:colcon.colcon_core.package_discovery:discover_packages(path) check parameters
[0.802s] Level 1:colcon.colcon_core.package_discovery:discover_packages(recursive) discover
[0.802s] INFO:colcon.colcon_core.package_discovery:Crawling recursively for packages in '/home/farquham/Desktop/GC_ros2_ws/Haptic-RW-UAS-Ground-Controller'
[0.802s] Level 1:colcon.colcon_core.package_identification:_identify(/home/farquham/Desktop/GC_ros2_ws/Haptic-RW-UAS-Ground-Controller) by extensions ['ignore', 'ignore_ament_install']
[0.803s] Level 1:colcon.colcon_core.package_identification:_identify(/home/farquham/Desktop/GC_ros2_ws/Haptic-RW-UAS-Ground-Controller) by extension 'ignore'
[0.803s] Level 1:colcon.colcon_core.package_identification:_identify(/home/farquham/Desktop/GC_ros2_ws/Haptic-RW-UAS-Ground-Controller) by extension 'ignore_ament_install'
[0.803s] Level 1:colcon.colcon_core.package_identification:_identify(/home/farquham/Desktop/GC_ros2_ws/Haptic-RW-UAS-Ground-Controller) by extensions ['colcon_pkg']
[0.803s] Level 1:colcon.colcon_core.package_identification:_identify(/home/farquham/Desktop/GC_ros2_ws/Haptic-RW-UAS-Ground-Controller) by extension 'colcon_pkg'
[0.803s] Level 1:colcon.colcon_core.package_identification:_identify(/home/farquham/Desktop/GC_ros2_ws/Haptic-RW-UAS-Ground-Controller) by extensions ['colcon_meta']
[0.803s] Level 1:colcon.colcon_core.package_identification:_identify(/home/farquham/Desktop/GC_ros2_ws/Haptic-RW-UAS-Ground-Controller) by extension 'colcon_meta'
[0.803s] Level 1:colcon.colcon_core.package_identification:_identify(/home/farquham/Desktop/GC_ros2_ws/Haptic-RW-UAS-Ground-Controller) by extensions ['ros']
[0.803s] Level 1:colcon.colcon_core.package_identification:_identify(/home/farquham/Desktop/GC_ros2_ws/Haptic-RW-UAS-Ground-Controller) by extension 'ros'
[0.814s] Level 1:colcon.colcon_core.package_identification:_identify(/home/farquham/Desktop/GC_ros2_ws/Haptic-RW-UAS-Ground-Controller) by extensions ['cmake', 'python']
[0.814s] Level 1:colcon.colcon_core.package_identification:_identify(/home/farquham/Desktop/GC_ros2_ws/Haptic-RW-UAS-Ground-Controller) by extension 'cmake'
[0.814s] Level 1:colcon.colcon_core.package_identification:_identify(/home/farquham/Desktop/GC_ros2_ws/Haptic-RW-UAS-Ground-Controller) by extension 'python'
[0.814s] Level 1:colcon.colcon_core.package_identification:_identify(/home/farquham/Desktop/GC_ros2_ws/Haptic-RW-UAS-Ground-Controller) by extensions ['python_setup_py']
[0.814s] Level 1:colcon.colcon_core.package_identification:_identify(/home/farquham/Desktop/GC_ros2_ws/Haptic-RW-UAS-Ground-Controller) by extension 'python_setup_py'
[0.814s] Level 1:colcon.colcon_core.package_identification:_identify(/home/farquham/Desktop/GC_ros2_ws/Haptic-RW-UAS-Ground-Controller/build) by extensions ['ignore', 'ignore_ament_install']
[0.814s] Level 1:colcon.colcon_core.package_identification:_identify(/home/farquham/Desktop/GC_ros2_ws/Haptic-RW-UAS-Ground-Controller/build) by extension 'ignore'
[0.814s] Level 1:colcon.colcon_core.package_identification:_identify(/home/farquham/Desktop/GC_ros2_ws/Haptic-RW-UAS-Ground-Controller/build) ignored
[0.814s] Level 1:colcon.colcon_core.package_identification:_identify(/home/farquham/Desktop/GC_ros2_ws/Haptic-RW-UAS-Ground-Controller/install) by extensions ['ignore', 'ignore_ament_install']
[0.814s] Level 1:colcon.colcon_core.package_identification:_identify(/home/farquham/Desktop/GC_ros2_ws/Haptic-RW-UAS-Ground-Controller/install) by extension 'ignore'
[0.814s] Level 1:colcon.colcon_core.package_identification:_identify(/home/farquham/Desktop/GC_ros2_ws/Haptic-RW-UAS-Ground-Controller/install) ignored
[0.814s] Level 1:colcon.colcon_core.package_identification:_identify(/home/farquham/Desktop/GC_ros2_ws/Haptic-RW-UAS-Ground-Controller/log) by extensions ['ignore', 'ignore_ament_install']
[0.815s] Level 1:colcon.colcon_core.package_identification:_identify(/home/farquham/Desktop/GC_ros2_ws/Haptic-RW-UAS-Ground-Controller/log) by extension 'ignore'
[0.815s] Level 1:colcon.colcon_core.package_identification:_identify(/home/farquham/Desktop/GC_ros2_ws/Haptic-RW-UAS-Ground-Controller/log) ignored
[0.815s] Level 1:colcon.colcon_core.package_identification:_identify(/home/farquham/Desktop/GC_ros2_ws/Haptic-RW-UAS-Ground-Controller/src) by extensions ['ignore', 'ignore_ament_install']
[0.815s] Level 1:colcon.colcon_core.package_identification:_identify(/home/farquham/Desktop/GC_ros2_ws/Haptic-RW-UAS-Ground-Controller/src) by extension 'ignore'
[0.815s] Level 1:colcon.colcon_core.package_identification:_identify(/home/farquham/Desktop/GC_ros2_ws/Haptic-RW-UAS-Ground-Controller/src) by extension 'ignore_ament_install'
[0.815s] Level 1:colcon.colcon_core.package_identification:_identify(/home/farquham/Desktop/GC_ros2_ws/Haptic-RW-UAS-Ground-Controller/src) by extensions ['colcon_pkg']
[0.815s] Level 1:colcon.colcon_core.package_identification:_identify(/home/farquham/Desktop/GC_ros2_ws/Haptic-RW-UAS-Ground-Controller/src) by extension 'colcon_pkg'
[0.815s] Level 1:colcon.colcon_core.package_identification:_identify(/home/farquham/Desktop/GC_ros2_ws/Haptic-RW-UAS-Ground-Controller/src) by extensions ['colcon_meta']
[0.815s] Level 1:colcon.colcon_core.package_identification:_identify(/home/farquham/Desktop/GC_ros2_ws/Haptic-RW-UAS-Ground-Controller/src) by extension 'colcon_meta'
[0.815s] Level 1:colcon.colcon_core.package_identification:_identify(/home/farquham/Desktop/GC_ros2_ws/Haptic-RW-UAS-Ground-Controller/src) by extensions ['ros']
[0.815s] Level 1:colcon.colcon_core.package_identification:_identify(/home/farquham/Desktop/GC_ros2_ws/Haptic-RW-UAS-Ground-Controller/src) by extension 'ros'
[0.815s] Level 1:colcon.colcon_core.package_identification:_identify(/home/farquham/Desktop/GC_ros2_ws/Haptic-RW-UAS-Ground-Controller/src) by extensions ['cmake', 'python']
[0.815s] Level 1:colcon.colcon_core.package_identification:_identify(/home/farquham/Desktop/GC_ros2_ws/Haptic-RW-UAS-Ground-Controller/src) by extension 'cmake'
[0.815s] Level 1:colcon.colcon_core.package_identification:_identify(/home/farquham/Desktop/GC_ros2_ws/Haptic-RW-UAS-Ground-Controller/src) by extension 'python'
[0.815s] Level 1:colcon.colcon_core.package_identification:_identify(/home/farquham/Desktop/GC_ros2_ws/Haptic-RW-UAS-Ground-Controller/src) by extensions ['python_setup_py']
[0.815s] Level 1:colcon.colcon_core.package_identification:_identify(/home/farquham/Desktop/GC_ros2_ws/Haptic-RW-UAS-Ground-Controller/src) by extension 'python_setup_py'
[0.815s] Level 1:colcon.colcon_core.package_identification:_identify(/home/farquham/Desktop/GC_ros2_ws/Haptic-RW-UAS-Ground-Controller/src/b_rim) by extensions ['ignore', 'ignore_ament_install']
[0.815s] Level 1:colcon.colcon_core.package_identification:_identify(/home/farquham/Desktop/GC_ros2_ws/Haptic-RW-UAS-Ground-Controller/src/b_rim) by extension 'ignore'
[0.815s] Level 1:colcon.colcon_core.package_identification:_identify(/home/farquham/Desktop/GC_ros2_ws/Haptic-RW-UAS-Ground-Controller/src/b_rim) by extension 'ignore_ament_install'
[0.815s] Level 1:colcon.colcon_core.package_identification:_identify(/home/farquham/Desktop/GC_ros2_ws/Haptic-RW-UAS-Ground-Controller/src/b_rim) by extensions ['colcon_pkg']
[0.815s] Level 1:colcon.colcon_core.package_identification:_identify(/home/farquham/Desktop/GC_ros2_ws/Haptic-RW-UAS-Ground-Controller/src/b_rim) by extension 'colcon_pkg'
[0.815s] Level 1:colcon.colcon_core.package_identification:_identify(/home/farquham/Desktop/GC_ros2_ws/Haptic-RW-UAS-Ground-Controller/src/b_rim) by extensions ['colcon_meta']
[0.815s] Level 1:colcon.colcon_core.package_identification:_identify(/home/farquham/Desktop/GC_ros2_ws/Haptic-RW-UAS-Ground-Controller/src/b_rim) by extension 'colcon_meta'
[0.815s] Level 1:colcon.colcon_core.package_identification:_identify(/home/farquham/Desktop/GC_ros2_ws/Haptic-RW-UAS-Ground-Controller/src/b_rim) by extensions ['ros']
[0.815s] Level 1:colcon.colcon_core.package_identification:_identify(/home/farquham/Desktop/GC_ros2_ws/Haptic-RW-UAS-Ground-Controller/src/b_rim) by extension 'ros'
[0.817s] DEBUG:colcon.colcon_core.package_identification:Package '/home/farquham/Desktop/GC_ros2_ws/Haptic-RW-UAS-Ground-Controller/src/b_rim' with type 'ros.ament_cmake' and name 'b_rim'
[0.817s] Level 1:colcon.colcon_core.package_identification:_identify(/home/farquham/Desktop/GC_ros2_ws/Haptic-RW-UAS-Ground-Controller/src/bmn) by extensions ['ignore', 'ignore_ament_install']
[0.817s] Level 1:colcon.colcon_core.package_identification:_identify(/home/farquham/Desktop/GC_ros2_ws/Haptic-RW-UAS-Ground-Controller/src/bmn) by extension 'ignore'
[0.817s] Level 1:colcon.colcon_core.package_identification:_identify(/home/farquham/Desktop/GC_ros2_ws/Haptic-RW-UAS-Ground-Controller/src/bmn) by extension 'ignore_ament_install'
[0.818s] Level 1:colcon.colcon_core.package_identification:_identify(/home/farquham/Desktop/GC_ros2_ws/Haptic-RW-UAS-Ground-Controller/src/bmn) by extensions ['colcon_pkg']
[0.818s] Level 1:colcon.colcon_core.package_identification:_identify(/home/farquham/Desktop/GC_ros2_ws/Haptic-RW-UAS-Ground-Controller/src/bmn) by extension 'colcon_pkg'
[0.818s] Level 1:colcon.colcon_core.package_identification:_identify(/home/farquham/Desktop/GC_ros2_ws/Haptic-RW-UAS-Ground-Controller/src/bmn) by extensions ['colcon_meta']
[0.818s] Level 1:colcon.colcon_core.package_identification:_identify(/home/farquham/Desktop/GC_ros2_ws/Haptic-RW-UAS-Ground-Controller/src/bmn) by extension 'colcon_meta'
[0.818s] Level 1:colcon.colcon_core.package_identification:_identify(/home/farquham/Desktop/GC_ros2_ws/Haptic-RW-UAS-Ground-Controller/src/bmn) by extensions ['ros']
[0.818s] Level 1:colcon.colcon_core.package_identification:_identify(/home/farquham/Desktop/GC_ros2_ws/Haptic-RW-UAS-Ground-Controller/src/bmn) by extension 'ros'
[0.818s] DEBUG:colcon.colcon_core.package_identification:Package '/home/farquham/Desktop/GC_ros2_ws/Haptic-RW-UAS-Ground-Controller/src/bmn' with type 'ros.ament_cmake' and name 'bmn'
[0.818s] Level 1:colcon.colcon_core.package_identification:_identify(/home/farquham/Desktop/GC_ros2_ws/Haptic-RW-UAS-Ground-Controller/src/commsmsgs) by extensions ['ignore', 'ignore_ament_install']
[0.818s] Level 1:colcon.colcon_core.package_identification:_identify(/home/farquham/Desktop/GC_ros2_ws/Haptic-RW-UAS-Ground-Controller/src/commsmsgs) by extension 'ignore'
[0.818s] Level 1:colcon.colcon_core.package_identification:_identify(/home/farquham/Desktop/GC_ros2_ws/Haptic-RW-UAS-Ground-Controller/src/commsmsgs) by extension 'ignore_ament_install'
[0.818s] Level 1:colcon.colcon_core.package_identification:_identify(/home/farquham/Desktop/GC_ros2_ws/Haptic-RW-UAS-Ground-Controller/src/commsmsgs) by extensions ['colcon_pkg']
[0.818s] Level 1:colcon.colcon_core.package_identification:_identify(/home/farquham/Desktop/GC_ros2_ws/Haptic-RW-UAS-Ground-Controller/src/commsmsgs) by extension 'colcon_pkg'
[0.818s] Level 1:colcon.colcon_core.package_identification:_identify(/home/farquham/Desktop/GC_ros2_ws/Haptic-RW-UAS-Ground-Controller/src/commsmsgs) by extensions ['colcon_meta']
[0.818s] Level 1:colcon.colcon_core.package_identification:_identify(/home/farquham/Desktop/GC_ros2_ws/Haptic-RW-UAS-Ground-Controller/src/commsmsgs) by extension 'colcon_meta'
[0.818s] Level 1:colcon.colcon_core.package_identification:_identify(/home/farquham/Desktop/GC_ros2_ws/Haptic-RW-UAS-Ground-Controller/src/commsmsgs) by extensions ['ros']
[0.818s] Level 1:colcon.colcon_core.package_identification:_identify(/home/farquham/Desktop/GC_ros2_ws/Haptic-RW-UAS-Ground-Controller/src/commsmsgs) by extension 'ros'
[0.819s] DEBUG:colcon.colcon_core.package_identification:Package '/home/farquham/Desktop/GC_ros2_ws/Haptic-RW-UAS-Ground-Controller/src/commsmsgs' with type 'ros.ament_cmake' and name 'commsmsgs'
[0.819s] Level 1:colcon.colcon_core.package_identification:_identify(/home/farquham/Desktop/GC_ros2_ws/Haptic-RW-UAS-Ground-Controller/src/datalogging) by extensions ['ignore', 'ignore_ament_install']
[0.819s] Level 1:colcon.colcon_core.package_identification:_identify(/home/farquham/Desktop/GC_ros2_ws/Haptic-RW-UAS-Ground-Controller/src/datalogging) by extension 'ignore'
[0.819s] Level 1:colcon.colcon_core.package_identification:_identify(/home/farquham/Desktop/GC_ros2_ws/Haptic-RW-UAS-Ground-Controller/src/datalogging) by extension 'ignore_ament_install'
[0.819s] Level 1:colcon.colcon_core.package_identification:_identify(/home/farquham/Desktop/GC_ros2_ws/Haptic-RW-UAS-Ground-Controller/src/datalogging) by extensions ['colcon_pkg']
[0.819s] Level 1:colcon.colcon_core.package_identification:_identify(/home/farquham/Desktop/GC_ros2_ws/Haptic-RW-UAS-Ground-Controller/src/datalogging) by extension 'colcon_pkg'
[0.819s] Level 1:colcon.colcon_core.package_identification:_identify(/home/farquham/Desktop/GC_ros2_ws/Haptic-RW-UAS-Ground-Controller/src/datalogging) by extensions ['colcon_meta']
[0.819s] Level 1:colcon.colcon_core.package_identification:_identify(/home/farquham/Desktop/GC_ros2_ws/Haptic-RW-UAS-Ground-Controller/src/datalogging) by extension 'colcon_meta'
[0.819s] Level 1:colcon.colcon_core.package_identification:_identify(/home/farquham/Desktop/GC_ros2_ws/Haptic-RW-UAS-Ground-Controller/src/datalogging) by extensions ['ros']
[0.819s] Level 1:colcon.colcon_core.package_identification:_identify(/home/farquham/Desktop/GC_ros2_ws/Haptic-RW-UAS-Ground-Controller/src/datalogging) by extension 'ros'
[0.820s] DEBUG:colcon.colcon_core.package_identification:Package '/home/farquham/Desktop/GC_ros2_ws/Haptic-RW-UAS-Ground-Controller/src/datalogging' with type 'ros.ament_cmake' and name 'datalogging'
[0.820s] Level 1:colcon.colcon_core.package_identification:_identify(/home/farquham/Desktop/GC_ros2_ws/Haptic-RW-UAS-Ground-Controller/src/r_rim) by extensions ['ignore', 'ignore_ament_install']
[0.820s] Level 1:colcon.colcon_core.package_identification:_identify(/home/farquham/Desktop/GC_ros2_ws/Haptic-RW-UAS-Ground-Controller/src/r_rim) by extension 'ignore'
[0.820s] Level 1:colcon.colcon_core.package_identification:_identify(/home/farquham/Desktop/GC_ros2_ws/Haptic-RW-UAS-Ground-Controller/src/r_rim) by extension 'ignore_ament_install'
[0.820s] Level 1:colcon.colcon_core.package_identification:_identify(/home/farquham/Desktop/GC_ros2_ws/Haptic-RW-UAS-Ground-Controller/src/r_rim) by extensions ['colcon_pkg']
[0.820s] Level 1:colcon.colcon_core.package_identification:_identify(/home/farquham/Desktop/GC_ros2_ws/Haptic-RW-UAS-Ground-Controller/src/r_rim) by extension 'colcon_pkg'
[0.820s] Level 1:colcon.colcon_core.package_identification:_identify(/home/farquham/Desktop/GC_ros2_ws/Haptic-RW-UAS-Ground-Controller/src/r_rim) by extensions ['colcon_meta']
[0.820s] Level 1:colcon.colcon_core.package_identification:_identify(/home/farquham/Desktop/GC_ros2_ws/Haptic-RW-UAS-Ground-Controller/src/r_rim) by extension 'colcon_meta'
[0.820s] Level 1:colcon.colcon_core.package_identification:_identify(/home/farquham/Desktop/GC_ros2_ws/Haptic-RW-UAS-Ground-Controller/src/r_rim) by extensions ['ros']
[0.820s] Level 1:colcon.colcon_core.package_identification:_identify(/home/farquham/Desktop/GC_ros2_ws/Haptic-RW-UAS-Ground-Controller/src/r_rim) by extension 'ros'
[0.820s] DEBUG:colcon.colcon_core.package_identification:Package '/home/farquham/Desktop/GC_ros2_ws/Haptic-RW-UAS-Ground-Controller/src/r_rim' with type 'ros.ament_cmake' and name 'r_rim'
[0.820s] Level 1:colcon.colcon_core.package_identification:_identify(/home/farquham/Desktop/GC_ros2_ws/Haptic-RW-UAS-Ground-Controller/src/rb_quad_sim) by extensions ['ignore', 'ignore_ament_install']
[0.820s] Level 1:colcon.colcon_core.package_identification:_identify(/home/farquham/Desktop/GC_ros2_ws/Haptic-RW-UAS-Ground-Controller/src/rb_quad_sim) by extension 'ignore'
[0.820s] Level 1:colcon.colcon_core.package_identification:_identify(/home/farquham/Desktop/GC_ros2_ws/Haptic-RW-UAS-Ground-Controller/src/rb_quad_sim) by extension 'ignore_ament_install'
[0.820s] Level 1:colcon.colcon_core.package_identification:_identify(/home/farquham/Desktop/GC_ros2_ws/Haptic-RW-UAS-Ground-Controller/src/rb_quad_sim) by extensions ['colcon_pkg']
[0.820s] Level 1:colcon.colcon_core.package_identification:_identify(/home/farquham/Desktop/GC_ros2_ws/Haptic-RW-UAS-Ground-Controller/src/rb_quad_sim) by extension 'colcon_pkg'
[0.821s] Level 1:colcon.colcon_core.package_identification:_identify(/home/farquham/Desktop/GC_ros2_ws/Haptic-RW-UAS-Ground-Controller/src/rb_quad_sim) by extensions ['colcon_meta']
[0.821s] Level 1:colcon.colcon_core.package_identification:_identify(/home/farquham/Desktop/GC_ros2_ws/Haptic-RW-UAS-Ground-Controller/src/rb_quad_sim) by extension 'colcon_meta'
[0.821s] Level 1:colcon.colcon_core.package_identification:_identify(/home/farquham/Desktop/GC_ros2_ws/Haptic-RW-UAS-Ground-Controller/src/rb_quad_sim) by extensions ['ros']
[0.821s] Level 1:colcon.colcon_core.package_identification:_identify(/home/farquham/Desktop/GC_ros2_ws/Haptic-RW-UAS-Ground-Controller/src/rb_quad_sim) by extension 'ros'
[0.821s] DEBUG:colcon.colcon_core.package_identification:Package '/home/farquham/Desktop/GC_ros2_ws/Haptic-RW-UAS-Ground-Controller/src/rb_quad_sim' with type 'ros.ament_cmake' and name 'rb_quad_sim'
[0.821s] Level 1:colcon.colcon_core.package_identification:_identify(/home/farquham/Desktop/GC_ros2_ws/Haptic-RW-UAS-Ground-Controller/src/rpicomms) by extensions ['ignore', 'ignore_ament_install']
[0.821s] Level 1:colcon.colcon_core.package_identification:_identify(/home/farquham/Desktop/GC_ros2_ws/Haptic-RW-UAS-Ground-Controller/src/rpicomms) by extension 'ignore'
[0.821s] Level 1:colcon.colcon_core.package_identification:_identify(/home/farquham/Desktop/GC_ros2_ws/Haptic-RW-UAS-Ground-Controller/src/rpicomms) by extension 'ignore_ament_install'
[0.821s] Level 1:colcon.colcon_core.package_identification:_identify(/home/farquham/Desktop/GC_ros2_ws/Haptic-RW-UAS-Ground-Controller/src/rpicomms) by extensions ['colcon_pkg']
[0.821s] Level 1:colcon.colcon_core.package_identification:_identify(/home/farquham/Desktop/GC_ros2_ws/Haptic-RW-UAS-Ground-Controller/src/rpicomms) by extension 'colcon_pkg'
[0.821s] Level 1:colcon.colcon_core.package_identification:_identify(/home/farquham/Desktop/GC_ros2_ws/Haptic-RW-UAS-Ground-Controller/src/rpicomms) by extensions ['colcon_meta']
[0.821s] Level 1:colcon.colcon_core.package_identification:_identify(/home/farquham/Desktop/GC_ros2_ws/Haptic-RW-UAS-Ground-Controller/src/rpicomms) by extension 'colcon_meta'
[0.821s] Level 1:colcon.colcon_core.package_identification:_identify(/home/farquham/Desktop/GC_ros2_ws/Haptic-RW-UAS-Ground-Controller/src/rpicomms) by extensions ['ros']
[0.821s] Level 1:colcon.colcon_core.package_identification:_identify(/home/farquham/Desktop/GC_ros2_ws/Haptic-RW-UAS-Ground-Controller/src/rpicomms) by extension 'ros'
[0.822s] DEBUG:colcon.colcon_core.package_identification:Package '/home/farquham/Desktop/GC_ros2_ws/Haptic-RW-UAS-Ground-Controller/src/rpicomms' with type 'ros.ament_cmake' and name 'rpicomms'
[0.822s] Level 1:colcon.colcon_core.package_identification:_identify(/home/farquham/Desktop/GC_ros2_ws/Haptic-RW-UAS-Ground-Controller/src/system_launcher) by extensions ['ignore', 'ignore_ament_install']
[0.822s] Level 1:colcon.colcon_core.package_identification:_identify(/home/farquham/Desktop/GC_ros2_ws/Haptic-RW-UAS-Ground-Controller/src/system_launcher) by extension 'ignore'
[0.822s] Level 1:colcon.colcon_core.package_identification:_identify(/home/farquham/Desktop/GC_ros2_ws/Haptic-RW-UAS-Ground-Controller/src/system_launcher) by extension 'ignore_ament_install'
[0.822s] Level 1:colcon.colcon_core.package_identification:_identify(/home/farquham/Desktop/GC_ros2_ws/Haptic-RW-UAS-Ground-Controller/src/system_launcher) by extensions ['colcon_pkg']
[0.822s] Level 1:colcon.colcon_core.package_identification:_identify(/home/farquham/Desktop/GC_ros2_ws/Haptic-RW-UAS-Ground-Controller/src/system_launcher) by extension 'colcon_pkg'
[0.822s] Level 1:colcon.colcon_core.package_identification:_identify(/home/farquham/Desktop/GC_ros2_ws/Haptic-RW-UAS-Ground-Controller/src/system_launcher) by extensions ['colcon_meta']
[0.822s] Level 1:colcon.colcon_core.package_identification:_identify(/home/farquham/Desktop/GC_ros2_ws/Haptic-RW-UAS-Ground-Controller/src/system_launcher) by extension 'colcon_meta'
[0.822s] Level 1:colcon.colcon_core.package_identification:_identify(/home/farquham/Desktop/GC_ros2_ws/Haptic-RW-UAS-Ground-Controller/src/system_launcher) by extensions ['ros']
[0.822s] Level 1:colcon.colcon_core.package_identification:_identify(/home/farquham/Desktop/GC_ros2_ws/Haptic-RW-UAS-Ground-Controller/src/system_launcher) by extension 'ros'
[0.822s] DEBUG:colcon.colcon_core.package_identification:Package '/home/farquham/Desktop/GC_ros2_ws/Haptic-RW-UAS-Ground-Controller/src/system_launcher' with type 'ros.ament_python' and name 'system_launcher'
[0.822s] Level 1:colcon.colcon_core.package_identification:_identify(/home/farquham/Desktop/GC_ros2_ws/Haptic-RW-UAS-Ground-Controller/src/visualization_inputs) by extensions ['ignore', 'ignore_ament_install']
[0.822s] Level 1:colcon.colcon_core.package_identification:_identify(/home/farquham/Desktop/GC_ros2_ws/Haptic-RW-UAS-Ground-Controller/src/visualization_inputs) by extension 'ignore'
[0.823s] Level 1:colcon.colcon_core.package_identification:_identify(/home/farquham/Desktop/GC_ros2_ws/Haptic-RW-UAS-Ground-Controller/src/visualization_inputs) by extension 'ignore_ament_install'
[0.823s] Level 1:colcon.colcon_core.package_identification:_identify(/home/farquham/Desktop/GC_ros2_ws/Haptic-RW-UAS-Ground-Controller/src/visualization_inputs) by extensions ['colcon_pkg']
[0.823s] Level 1:colcon.colcon_core.package_identification:_identify(/home/farquham/Desktop/GC_ros2_ws/Haptic-RW-UAS-Ground-Controller/src/visualization_inputs) by extension 'colcon_pkg'
[0.823s] Level 1:colcon.colcon_core.package_identification:_identify(/home/farquham/Desktop/GC_ros2_ws/Haptic-RW-UAS-Ground-Controller/src/visualization_inputs) by extensions ['colcon_meta']
[0.823s] Level 1:colcon.colcon_core.package_identification:_identify(/home/farquham/Desktop/GC_ros2_ws/Haptic-RW-UAS-Ground-Controller/src/visualization_inputs) by extension 'colcon_meta'
[0.823s] Level 1:colcon.colcon_core.package_identification:_identify(/home/farquham/Desktop/GC_ros2_ws/Haptic-RW-UAS-Ground-Controller/src/visualization_inputs) by extensions ['ros']
[0.823s] Level 1:colcon.colcon_core.package_identification:_identify(/home/farquham/Desktop/GC_ros2_ws/Haptic-RW-UAS-Ground-Controller/src/visualization_inputs) by extension 'ros'
[0.823s] DEBUG:colcon.colcon_core.package_identification:Package '/home/farquham/Desktop/GC_ros2_ws/Haptic-RW-UAS-Ground-Controller/src/visualization_inputs' with type 'ros.ament_python' and name 'visualization_inputs'
[0.823s] Level 1:colcon.colcon_core.package_discovery:discover_packages(recursive) using defaults
