[0.034s] Invoking command in '/home/farquham/Desktop/GC_ros2_ws/Haptic-RW-UAS-Ground-Controller/build/bmn': /usr/bin/cmake /home/farquham/Desktop/GC_ros2_ws/Haptic-RW-UAS-Ground-Controller/src/bmn -DCMAKE_INSTALL_PREFIX=/home/farquham/Desktop/GC_ros2_ws/Haptic-RW-UAS-Ground-Controller/install/bmn
[0.307s] -- Found ament_cmake: 1.3.7 (/opt/ros/humble/share/ament_cmake/cmake)
[0.391s] -- Found rclcpp: 16.0.8 (/opt/ros/humble/share/rclcpp/cmake)
[0.407s] -- Found rosidl_generator_c: 3.1.5 (/opt/ros/humble/share/rosidl_generator_c/cmake)
[0.409s] -- Found rosidl_adapter: 3.1.5 (/opt/ros/humble/share/rosidl_adapter/cmake)
[0.412s] -- Found rosidl_generator_cpp: 3.1.5 (/opt/ros/humble/share/rosidl_generator_cpp/cmake)
[0.418s] -- Using all available rosidl_typesupport_c: rosidl_typesupport_fastrtps_c;rosidl_typesupport_introspection_c
[0.427s] -- Using all available rosidl_typesupport_cpp: rosidl_typesupport_fastrtps_cpp;rosidl_typesupport_introspection_cpp
[0.465s] -- Found rmw_implementation_cmake: 6.1.1 (/opt/ros/humble/share/rmw_implementation_cmake/cmake)
[0.466s] -- Found rmw_fastrtps_cpp: 6.2.6 (/opt/ros/humble/share/rmw_fastrtps_cpp/cmake)
[0.536s] -- Using RMW implementation 'rmw_fastrtps_cpp' as default
[0.633s] [31mCMake Error at CMakeLists.txt:31 (find_package):
[0.633s]   By not providing "FindEigen.cmake" in CMAKE_MODULE_PATH this project has
[0.633s]   asked CMake to find a package configuration file provided by "Eigen", but
[0.633s]   CMake did not find one.
[0.633s] 
[0.633s]   Could not find a package configuration file provided by "Eigen" with any of
[0.633s]   the following names:
[0.633s] 
[0.633s]     EigenConfig.cmake
[0.633s]     eigen-config.cmake
[0.633s] 
[0.633s]   Add the installation prefix of "Eigen" to CMAKE_PREFIX_PATH or set
[0.633s]   "Eigen_DIR" to a directory containing one of the above files.  If "Eigen"
[0.633s]   provides a separate development package or SDK, be sure it has been
[0.633s]   installed.
[0.633s] 
[0.633s] [0m
[0.633s] -- Configuring incomplete, errors occurred!
[0.634s] See also "/home/farquham/Desktop/GC_ros2_ws/Haptic-RW-UAS-Ground-Controller/build/bmn/CMakeFiles/CMakeOutput.log".
[0.638s] Invoked command in '/home/farquham/Desktop/GC_ros2_ws/Haptic-RW-UAS-Ground-Controller/build/bmn' returned '1': /usr/bin/cmake /home/farquham/Desktop/GC_ros2_ws/Haptic-RW-UAS-Ground-Controller/src/bmn -DCMAKE_INSTALL_PREFIX=/home/farquham/Desktop/GC_ros2_ws/Haptic-RW-UAS-Ground-Controller/install/bmn
