[0.175s] Invoking command in '/home/farquham/Desktop/GC_ros2_ws/Haptic-RW-UAS-Ground-Controller/build/bubbleMethodNavigation': CMAKE_PREFIX_PATH=/opt/ros/humble /usr/bin/cmake /home/farquham/Desktop/GC_ros2_ws/Haptic-RW-UAS-Ground-Controller/src/bubbleMethodNavigation -DCMAKE_INSTALL_PREFIX=/home/farquham/Desktop/GC_ros2_ws/Haptic-RW-UAS-Ground-Controller/install/bubbleMethodNavigation
[0.245s] -- The C compiler identification is GNU 11.4.0
[0.304s] -- The CXX compiler identification is GNU 11.4.0
[0.313s] -- Detecting C compiler ABI info
[0.374s] -- Detecting C compiler ABI info - done
[0.382s] -- Check for working C compiler: /usr/bin/cc - skipped
[0.382s] -- Detecting C compile features
[0.383s] -- Detecting C compile features - done
[0.385s] -- Detecting CXX compiler ABI info
[0.453s] -- Detecting CXX compiler ABI info - done
[0.463s] -- Check for working CXX compiler: /usr/bin/c++ - skipped
[0.463s] -- Detecting CXX compile features
[0.464s] -- Detecting CXX compile features - done
[0.467s] -- Found ament_cmake: 1.3.7 (/opt/ros/humble/share/ament_cmake/cmake)
[0.799s] -- Found Python3: /usr/bin/python3.10 (found version "3.10.12") found components: Interpreter 
[0.877s] -- Found ament_lint_auto: 0.12.10 (/opt/ros/humble/share/ament_lint_auto/cmake)
[0.924s] WARNING: Package name "bubbleMethodNavigation" does not follow the naming conventions. It should start with a lower case letter and only contain lower case letters, digits, underscores, and dashes.
[0.948s] -- Added test 'lint_cmake' to check CMake code style
[0.950s] -- Added test 'xmllint' to check XML markup files
[0.951s] -- Configuring done
[0.954s] -- Generating done
[0.955s] -- Build files have been written to: /home/farquham/Desktop/GC_ros2_ws/Haptic-RW-UAS-Ground-Controller/build/bubbleMethodNavigation
[0.963s] Invoked command in '/home/farquham/Desktop/GC_ros2_ws/Haptic-RW-UAS-Ground-Controller/build/bubbleMethodNavigation' returned '0': CMAKE_PREFIX_PATH=/opt/ros/humble /usr/bin/cmake /home/farquham/Desktop/GC_ros2_ws/Haptic-RW-UAS-Ground-Controller/src/bubbleMethodNavigation -DCMAKE_INSTALL_PREFIX=/home/farquham/Desktop/GC_ros2_ws/Haptic-RW-UAS-Ground-Controller/install/bubbleMethodNavigation
[0.964s] Invoking command in '/home/farquham/Desktop/GC_ros2_ws/Haptic-RW-UAS-Ground-Controller/build/bubbleMethodNavigation': CMAKE_PREFIX_PATH=/opt/ros/humble /usr/bin/cmake --build /home/farquham/Desktop/GC_ros2_ws/Haptic-RW-UAS-Ground-Controller/build/bubbleMethodNavigation -- -j16 -l16
[0.998s] Invoked command in '/home/farquham/Desktop/GC_ros2_ws/Haptic-RW-UAS-Ground-Controller/build/bubbleMethodNavigation' returned '0': CMAKE_PREFIX_PATH=/opt/ros/humble /usr/bin/cmake --build /home/farquham/Desktop/GC_ros2_ws/Haptic-RW-UAS-Ground-Controller/build/bubbleMethodNavigation -- -j16 -l16
[1.034s] Invoking command in '/home/farquham/Desktop/GC_ros2_ws/Haptic-RW-UAS-Ground-Controller/build/bubbleMethodNavigation': CMAKE_PREFIX_PATH=/opt/ros/humble /usr/bin/cmake --install /home/farquham/Desktop/GC_ros2_ws/Haptic-RW-UAS-Ground-Controller/build/bubbleMethodNavigation
[1.035s] -- Install configuration: ""
[1.035s] -- Installing: /home/farquham/Desktop/GC_ros2_ws/Haptic-RW-UAS-Ground-Controller/install/bubbleMethodNavigation/share/ament_index/resource_index/package_run_dependencies/bubbleMethodNavigation
[1.036s] -- Installing: /home/farquham/Desktop/GC_ros2_ws/Haptic-RW-UAS-Ground-Controller/install/bubbleMethodNavigation/share/ament_index/resource_index/parent_prefix_path/bubbleMethodNavigation
[1.036s] -- Installing: /home/farquham/Desktop/GC_ros2_ws/Haptic-RW-UAS-Ground-Controller/install/bubbleMethodNavigation/share/bubbleMethodNavigation/environment/ament_prefix_path.sh
[1.036s] -- Installing: /home/farquham/Desktop/GC_ros2_ws/Haptic-RW-UAS-Ground-Controller/install/bubbleMethodNavigation/share/bubbleMethodNavigation/environment/ament_prefix_path.dsv
[1.036s] -- Installing: /home/farquham/Desktop/GC_ros2_ws/Haptic-RW-UAS-Ground-Controller/install/bubbleMethodNavigation/share/bubbleMethodNavigation/environment/path.sh
[1.036s] -- Installing: /home/farquham/Desktop/GC_ros2_ws/Haptic-RW-UAS-Ground-Controller/install/bubbleMethodNavigation/share/bubbleMethodNavigation/environment/path.dsv
[1.036s] -- Installing: /home/farquham/Desktop/GC_ros2_ws/Haptic-RW-UAS-Ground-Controller/install/bubbleMethodNavigation/share/bubbleMethodNavigation/local_setup.bash
[1.036s] -- Installing: /home/farquham/Desktop/GC_ros2_ws/Haptic-RW-UAS-Ground-Controller/install/bubbleMethodNavigation/share/bubbleMethodNavigation/local_setup.sh
[1.036s] -- Installing: /home/farquham/Desktop/GC_ros2_ws/Haptic-RW-UAS-Ground-Controller/install/bubbleMethodNavigation/share/bubbleMethodNavigation/local_setup.zsh
[1.036s] -- Installing: /home/farquham/Desktop/GC_ros2_ws/Haptic-RW-UAS-Ground-Controller/install/bubbleMethodNavigation/share/bubbleMethodNavigation/local_setup.dsv
[1.036s] -- Installing: /home/farquham/Desktop/GC_ros2_ws/Haptic-RW-UAS-Ground-Controller/install/bubbleMethodNavigation/share/bubbleMethodNavigation/package.dsv
[1.036s] -- Installing: /home/farquham/Desktop/GC_ros2_ws/Haptic-RW-UAS-Ground-Controller/install/bubbleMethodNavigation/share/ament_index/resource_index/packages/bubbleMethodNavigation
[1.036s] -- Installing: /home/farquham/Desktop/GC_ros2_ws/Haptic-RW-UAS-Ground-Controller/install/bubbleMethodNavigation/share/bubbleMethodNavigation/cmake/bubbleMethodNavigationConfig.cmake
[1.036s] -- Installing: /home/farquham/Desktop/GC_ros2_ws/Haptic-RW-UAS-Ground-Controller/install/bubbleMethodNavigation/share/bubbleMethodNavigation/cmake/bubbleMethodNavigationConfig-version.cmake
[1.036s] -- Installing: /home/farquham/Desktop/GC_ros2_ws/Haptic-RW-UAS-Ground-Controller/install/bubbleMethodNavigation/share/bubbleMethodNavigation/package.xml
[1.107s] Invoked command in '/home/farquham/Desktop/GC_ros2_ws/Haptic-RW-UAS-Ground-Controller/build/bubbleMethodNavigation' returned '0': CMAKE_PREFIX_PATH=/opt/ros/humble /usr/bin/cmake --install /home/farquham/Desktop/GC_ros2_ws/Haptic-RW-UAS-Ground-Controller/build/bubbleMethodNavigation
