[0.033s] Invoking command in '/home/farquham/Desktop/GC_ros2_ws/Haptic-RW-UAS-Ground-Controller/build/bmn': CMAKE_PREFIX_PATH=/opt/ros/humble /usr/bin/cmake /home/farquham/Desktop/GC_ros2_ws/Haptic-RW-UAS-Ground-Controller/src/bmn -DCMAKE_INSTALL_PREFIX=/home/farquham/Desktop/GC_ros2_ws/Haptic-RW-UAS-Ground-Controller/install/bmn
[0.128s] -- Found ament_cmake: 1.3.7 (/opt/ros/humble/share/ament_cmake/cmake)
[0.211s] -- Found rclcpp: 16.0.8 (/opt/ros/humble/share/rclcpp/cmake)
[0.227s] -- Found rosidl_generator_c: 3.1.5 (/opt/ros/humble/share/rosidl_generator_c/cmake)
[0.229s] -- Found rosidl_adapter: 3.1.5 (/opt/ros/humble/share/rosidl_adapter/cmake)
[0.232s] -- Found rosidl_generator_cpp: 3.1.5 (/opt/ros/humble/share/rosidl_generator_cpp/cmake)
[0.238s] -- Using all available rosidl_typesupport_c: rosidl_typesupport_fastrtps_c;rosidl_typesupport_introspection_c
[0.247s] -- Using all available rosidl_typesupport_cpp: rosidl_typesupport_fastrtps_cpp;rosidl_typesupport_introspection_cpp
[0.280s] -- Found rmw_implementation_cmake: 6.1.1 (/opt/ros/humble/share/rmw_implementation_cmake/cmake)
[0.281s] -- Found rmw_fastrtps_cpp: 6.2.6 (/opt/ros/humble/share/rmw_fastrtps_cpp/cmake)
[0.352s] -- Using RMW implementation 'rmw_fastrtps_cpp' as default
[0.441s] -- Found eigen3_cmake_module: 0.1.1 (/opt/ros/humble/share/eigen3_cmake_module/cmake)
[0.448s] -- Found Eigen3: TRUE (found version "3.4.0") 
[0.449s] -- Found geometry_msgs: 4.2.3 (/opt/ros/humble/share/geometry_msgs/cmake)
[0.473s] -- Found ament_lint_auto: 0.12.10 (/opt/ros/humble/share/ament_lint_auto/cmake)
[0.515s] [31mCMake Error at /opt/ros/humble/share/ament_cmake_target_dependencies/cmake/ament_target_dependencies.cmake:42 (message):
[0.515s]   ament_target_dependencies() the first argument must be a valid target name
[0.515s] Call Stack (most recent call first):
[0.515s]   CMakeLists.txt:47 (ament_target_dependencies)
[0.515s] 
[0.516s] [0m
[0.516s] -- Configuring incomplete, errors occurred!
[0.516s] See also "/home/farquham/Desktop/GC_ros2_ws/Haptic-RW-UAS-Ground-Controller/build/bmn/CMakeFiles/CMakeOutput.log".
[0.523s] Invoked command in '/home/farquham/Desktop/GC_ros2_ws/Haptic-RW-UAS-Ground-Controller/build/bmn' returned '1': CMAKE_PREFIX_PATH=/opt/ros/humble /usr/bin/cmake /home/farquham/Desktop/GC_ros2_ws/Haptic-RW-UAS-Ground-Controller/src/bmn -DCMAKE_INSTALL_PREFIX=/home/farquham/Desktop/GC_ros2_ws/Haptic-RW-UAS-Ground-Controller/install/bmn
