[0.038s] Invoking command in '/home/farquham/Desktop/GC_ros2_ws/Haptic-RW-UAS-Ground-Controller/build/commsMsgs': CMAKE_PREFIX_PATH=/opt/ros/humble /usr/bin/cmake --build /home/farquham/Desktop/GC_ros2_ws/Haptic-RW-UAS-Ground-Controller/build/commsMsgs -- -j16 -l16
[0.054s] -- Found ament_cmake: 1.3.7 (/opt/ros/humble/share/ament_cmake/cmake)
[0.143s] -- Found geometry_msgs: 4.2.3 (/opt/ros/humble/share/geometry_msgs/cmake)
[0.171s] -- Found rosidl_generator_c: 3.1.5 (/opt/ros/humble/share/rosidl_generator_c/cmake)
[0.174s] -- Found rosidl_adapter: 3.1.5 (/opt/ros/humble/share/rosidl_adapter/cmake)
[0.180s] -- Found rosidl_generator_cpp: 3.1.5 (/opt/ros/humble/share/rosidl_generator_cpp/cmake)
[0.191s] -- Using all available rosidl_typesupport_c: rosidl_typesupport_fastrtps_c;rosidl_typesupport_introspection_c
[0.203s] -- Using all available rosidl_typesupport_cpp: rosidl_typesupport_fastrtps_cpp;rosidl_typesupport_introspection_cpp
[0.275s] -- Found rosidl_default_generators: 1.2.0 (/opt/ros/humble/share/rosidl_default_generators/cmake)
[0.381s] [31mCMake Error at /opt/ros/humble/share/rosidl_adapter/cmake/rosidl_adapt_interfaces.cmake:59 (message):
[0.381s]   execute_process(/usr/bin/python3.10 -m rosidl_adapter --package-name
[0.381s]   commsMsgs --arguments-file
[0.381s]   /home/farquham/Desktop/GC_ros2_ws/Haptic-RW-UAS-Ground-Controller/build/commsMsgs/rosidl_adapter__arguments__commsMsgs.json
[0.381s]   --output-dir
[0.381s]   /home/farquham/Desktop/GC_ros2_ws/Haptic-RW-UAS-Ground-Controller/build/commsMsgs/rosidl_adapter/commsMsgs
[0.381s]   --output-file
[0.381s]   /home/farquham/Desktop/GC_ros2_ws/Haptic-RW-UAS-Ground-Controller/build/commsMsgs/rosidl_adapter/commsMsgs.idls)
[0.381s]   returned error code 1:
[0.381s] 
[0.381s]   Traceback (most recent call last):
[0.381s] 
[0.381s]     File "/usr/lib/python3.10/runpy.py", line 196, in _run_module_as_main
[0.381s]       return _run_code(code, main_globals, None,
[0.381s]     File "/usr/lib/python3.10/runpy.py", line 86, in _run_code
[0.381s]       exec(code, run_globals)
[0.381s]     File "/opt/ros/humble/local/lib/python3.10/dist-packages/rosidl_adapter/__main__.py", line 19, in <module>
[0.381s]       sys.exit(main())
[0.381s]     File "/opt/ros/humble/local/lib/python3.10/dist-packages/rosidl_adapter/main.py", line 53, in main
[0.381s]       abs_idl_file = convert_to_idl(
[0.381s]     File "/opt/ros/humble/local/lib/python3.10/dist-packages/rosidl_adapter/__init__.py", line 19, in convert_to_idl
[0.381s]       return convert_msg_to_idl(
[0.381s]     File "/opt/ros/humble/local/lib/python3.10/dist-packages/rosidl_adapter/msg/__init__.py", line 28, in convert_msg_to_idl
[0.381s]       msg = parse_message_string(package_name, input_file.stem, content)
[0.381s]     File "/opt/ros/humble/local/lib/python3.10/dist-packages/rosidl_adapter/parser.py", line 544, in parse_message_string
[0.381s]       msg = MessageSpecification(pkg_name, msg_name, fields, constants)
[0.381s]     File "/opt/ros/humble/local/lib/python3.10/dist-packages/rosidl_adapter/parser.py", line 388, in __init__
[0.381s]       self.base_type = BaseType(
[0.381s]     File "/opt/ros/humble/local/lib/python3.10/dist-packages/rosidl_adapter/parser.py", line 201, in __init__
[0.382s]       raise InvalidResourceName(
[0.382s] 
[0.382s]   rosidl_adapter.parser.InvalidResourceName: 'commsMsgs' is an invalid
[0.382s]   package name.  It should have the pattern
[0.382s]   '^(?!.*__)(?!.*_$)[a-z][a-z0-9_]*$'
[0.382s] 
[0.382s] Call Stack (most recent call first):
[0.382s]   /opt/ros/humble/share/rosidl_cmake/cmake/rosidl_generate_interfaces.cmake:130 (rosidl_adapt_interfaces)
[0.382s]   CMakeLists.txt:16 (rosidl_generate_interfaces)
[0.382s] 
[0.382s] [0m
[0.382s] -- Configuring incomplete, errors occurred!
[0.382s] See also "/home/farquham/Desktop/GC_ros2_ws/Haptic-RW-UAS-Ground-Controller/build/commsMsgs/CMakeFiles/CMakeOutput.log".
[0.384s] gmake: *** [Makefile:226: cmake_check_build_system] Error 1
[0.387s] Invoked command in '/home/farquham/Desktop/GC_ros2_ws/Haptic-RW-UAS-Ground-Controller/build/commsMsgs' returned '2': CMAKE_PREFIX_PATH=/opt/ros/humble /usr/bin/cmake --build /home/farquham/Desktop/GC_ros2_ws/Haptic-RW-UAS-Ground-Controller/build/commsMsgs -- -j16 -l16
